3500
0 0 3 2
4 0 7 2
8 0 11 2
12 0 19 0
104 0 115 0
116 0 127 0
128 0 139 0
140 0 151 0
152 0 163 0
164 0 175 0
176 0 187 0
12 1 16 2
17 1 21 2
22 1 25 2
26 1 30 2
31 1 35 2
36 1 39 2
40 1 44 2
45 1 48 2
49 1 52 2
53 1 57 2
58 2 65 2
66 2 75 2
76 2 87 2
88 2 96 2
97 2 107 2
108 2 116 2
117 2 124 2
125 2 132 2
133 2 141 2
176 2 187 2
188 0 191 2
192 0 195 2
196 0 199 2
0 3 2 6
3 3 5 6
6 3 8 6
9 3 11 6
12 3 17 4
18 3 21 4
22 3 25 4
26 3 37 3
38 3 45 3
146 3 157 3
158 3 169 3
170 3 181 3
182 3 193 3
50 4 61 4
62 4 73 4
74 4 85 4
86 4 97 4
98 4 109 4
110 4 121 4
122 4 133 4
134 4 145 4
146 4 157 4
158 4 169 4
170 4 181 4
182 4 193 4
194 3 199 4
12 5 22 5
23 5 34 5
35 5 45 5
46 5 55 5
56 5 64 5
65 5 76 5
77 5 84 5
85 5 92 5
93 5 101 5
102 5 109 5
110 5 117 5
118 5 126 5
127 5 134 5
135 5 142 5
12 6 21 6
22 6 31 6
32 6 40 6
41 6 48 6
49 6 56 6
140 6 151 6
152 5 157 6
158 5 163 6
164 5 169 6
170 5 175 6
176 5 181 6
182 5 187 6
188 5 193 6
194 5 199 6
0 7 10 7
29 7 40 7
41 7 52 7
53 7 64 7
65 7 76 7
77 7 88 7
89 7 100 7
0 8 10 8
11 8 22 8
23 8 33 8
34 8 41 8
42 8 53 8
54 8 61 8
62 8 71 8
72 8 80 8
81 8 90 8
91 8 100 8
101 7 106 8
107 7 112 8
113 7 118 8
119 7 124 8
125 7 130 8
131 7 136 8
137 7 142 8
143 7 148 8
149 7 154 8
155 7 160 8
161 7 166 8
167 7 172 8
173 7 178 8
179 7 184 8
185 7 190 8
0 9 4 10
5 9 9 10
10 9 14 10
15 9 19 10
20 9 23 10
24 9 28 10
29 9 33 10
34 9 38 10
39 9 43 10
44 9 48 10
49 9 53 10
54 9 59 10
60 9 63 10
64 9 69 10
70 9 74 10
75 9 78 10
79 9 83 10
84 9 88 10
89 9 92 10
93 9 97 10
98 9 102 10
103 9 107 10
108 9 112 10
113 9 118 10
119 9 124 10
125 9 129 10
130 9 133 10
134 9 137 10
138 9 142 10
143 9 146 10
147 9 152 10
153 9 162 9
163 9 172 9
173 9 184 9
153 10 163 10
173 10 184 10
185 9 190 10
191 7 193 10
194 7 196 10
197 7 199 10
0 11 1 14
2 11 4 14
5 11 6 14
7 11 9 14
10 11 12 14
13 11 14 14
15 11 16 14
17 11 21 12
22 11 26 12
27 11 30 12
31 11 34 12
35 11 39 12
40 11 44 12
45 11 49 12
50 11 55 12
56 11 59 12
60 11 64 12
65 11 68 12
69 11 73 12
74 11 78 12
79 11 84 12
134 12 145 12
146 12 157 12
158 12 169 12
170 12 181 12
182 12 193 12
194 11 199 12
17 13 22 14
23 13 27 14
28 14 39 14
40 14 49 14
50 14 58 14
59 14 67 14
68 14 79 14
80 13 85 14
86 13 91 14
92 13 97 14
98 13 103 14
104 13 109 14
110 13 115 14
116 13 121 14
122 13 127 14
128 13 133 14
134 13 139 14
140 13 145 14
146 13 151 14
152 13 157 14
158 13 163 14
164 13 169 14
170 13 175 14
176 13 181 14
182 13 187 14
188 13 193 14
194 13 199 14
0 15 2 18
3 15 5 18
6 15 8 18
9 15 11 18
12 15 14 18
15 15 17 18
18 15 20 18
21 15 23 18
24 15 26 18
27 15 29 18
30 15 32 18
33 15 35 18
36 15 38 18
39 15 40 18
41 15 43 18
44 15 45 18
46 15 48 18
49 15 51 18
52 15 54 18
55 15 57 18
58 15 59 18
60 15 62 18
63 15 64 18
65 15 70 16
71 15 74 16
75 15 79 16
80 15 85 16
86 15 90 16
128 15 139 15
140 15 151 15
152 15 163 15
164 15 175 15
176 15 187 15
188 15 199 15
91 16 98 16
99 16 110 16
65 17 68 18
69 17 73 18
74 17 78 18
79 17 83 18
84 17 87 18
88 17 99 17
100 17 110 17
111 17 118 17
188 17 199 17
88 18 96 18
0 19 1 22
2 19 4 22
5 19 7 22
8 19 10 22
11 19 13 22
14 19 16 22
17 19 19 22
20 19 21 22
22 19 24 22
152 19 163 19
164 19 175 19
176 19 187 19
25 20 33 20
34 20 42 20
43 20 50 20
51 20 59 20
60 20 67 20
68 20 75 20
176 20 187 20
188 19 193 20
194 19 199 20
25 21 34 21
104 21 115 21
116 21 127 21
128 21 139 21
140 21 151 21
152 21 163 21
164 21 175 21
176 21 187 21
188 21 193 22
194 21 199 22
0 23 0 30
1 23 1 30
2 23 2 30
3 23 4 26
5 23 9 24
10 23 15 24
16 23 20 24
21 23 24 24
25 23 30 24
31 23 35 24
36 23 39 24
40 23 45 24
46 23 50 24
51 23 55 24
56 23 60 24
61 23 65 24
66 23 71 24
72 23 76 24
77 23 80 24
81 23 85 24
86 23 90 24
91 23 96 24
97 23 101 24
102 23 107 24
108 23 113 24
114 23 117 24
127 23 132 24
133 23 138 24
139 23 144 24
145 23 150 24
151 23 156 24
157 23 162 24
163 23 168 24
169 23 174 24
175 23 180 24
181 23 186 24
5 25 8 26
9 25 14 26
15 25 20 26
21 25 25 26
26 25 29 26
30 25 34 26
35 25 39 26
40 25 45 26
46 25 49 26
50 25 54 26
55 25 58 26
59 25 68 25
69 25 76 25
77 25 84 25
85 25 93 25
94 25 105 25
106 25 116 25
117 25 124 25
125 25 135 25
136 25 146 25
147 25 154 25
155 25 163 25
164 25 174 25
59 26 68 26
69 26 76 26
77 26 86 26
87 26 94 26
95 26 103 26
104 26 112 26
113 26 120 26
121 26 131 26
132 26 143 26
144 26 151 26
152 26 162 26
163 26 174 26
175 25 180 26
181 25 186 26
187 23 189 26
190 23 192 26
193 23 195 26
196 23 198 26
3 27 5 30
6 27 8 30
9 27 11 30
12 27 13 30
14 27 16 30
17 27 19 30
20 27 21 30
22 27 26 28
27 27 30 28
31 27 35 28
36 27 39 28
40 27 44 28
45 27 55 27
56 27 67 27
85 27 96 27
97 27 108 27
109 27 120 27
121 27 132 27
133 27 144 27
45 28 54 28
55 28 64 28
65 28 74 28
75 28 84 28
85 28 94 28
145 27 150 28
22 30 30 30
31 30 38 30
39 30 50 30
51 30 59 30
60 30 70 30
71 30 82 30
83 30 92 30
93 30 102 30
103 30 114 30
115 29 120 30
121 29 126 30
127 29 132 30
133 29 138 30
139 29 144 30
145 29 150 30
151 27 153 30
154 27 156 30
157 27 159 30
160 27 162 30
163 27 165 30
166 27 168 30
169 27 171 30
172 27 174 30
175 27 177 30
178 27 180 30
181 27 183 30
184 27 186 30
187 27 189 30
190 27 192 30
193 27 195 30
196 27 198 30
199 23 199 30
0 31 3 33
4 31 7 33
8 31 10 33
11 31 14 33
15 31 17 33
18 31 20 33
21 31 23 33
24 31 32 31
33 31 42 31
43 31 51 31
52 31 61 31
62 31 69 31
70 31 77 31
78 31 86 31
87 31 95 31
96 31 105 31
106 31 114 31
128 31 139 31
24 32 29 33
30 32 34 33
35 32 38 33
39 32 42 33
43 32 46 33
47 32 50 33
51 32 55 33
56 32 60 33
61 32 66 33
67 32 72 33
73 32 76 33
77 33 86 33
87 33 95 33
96 33 104 33
105 33 112 33
113 33 120 33
140 31 143 33
144 31 147 33
148 31 151 33
152 31 155 33
156 31 159 33
160 31 163 33
164 31 167 33
168 31 171 33
172 31 175 33
176 31 179 33
180 31 183 33
184 31 187 33
188 31 191 33
192 31 195 33
196 31 199 33
0 34 2 37
3 34 5 37
6 34 8 37
9 34 10 37
11 34 13 37
14 34 16 37
17 34 26 34
27 34 36 34
37 34 44 34
45 34 54 34
55 34 62 34
63 34 73 34
74 34 81 34
82 34 91 34
92 34 103 34
104 34 111 34
112 34 119 34
120 34 129 34
130 34 139 34
140 34 150 34
151 34 159 34
160 34 167 34
168 34 178 34
179 34 190 34
17 35 25 35
17 36 20 37
21 36 24 37
25 36 29 37
30 36 34 37
35 36 38 37
39 36 43 37
44 36 48 37
49 36 52 37
53 36 57 37
58 36 62 37
63 36 66 37
67 36 72 37
73 36 76 37
77 36 81 37
82 36 85 37
86 36 90 37
91 36 100 36
91 37 100 37
101 36 106 37
107 36 112 37
113 36 118 37
119 36 124 37
125 36 130 37
131 36 136 37
137 36 142 37
143 36 148 37
149 36 154 37
155 36 160 37
161 36 166 37
167 36 172 37
173 36 178 37
179 36 184 37
185 36 190 37
191 34 193 37
194 34 196 37
197 34 199 37
0 38 1 41
2 38 4 41
5 38 9 39
10 38 15 39
16 38 19 39
20 38 24 39
25 38 30 39
31 38 34 39
35 38 38 39
39 38 44 39
45 38 48 39
49 38 53 39
54 38 57 39
103 38 114 38
115 38 126 38
127 38 138 38
139 38 150 38
58 39 67 39
68 39 75 39
76 39 86 39
91 39 102 39
103 39 114 39
115 39 126 39
127 39 138 39
139 39 150 39
5 40 9 41
10 40 15 41
16 40 20 41
21 40 30 40
43 40 54 40
55 40 66 40
67 40 78 40
79 40 90 40
91 40 102 40
103 40 114 40
115 40 126 40
127 40 138 40
21 41 29 41
30 41 37 41
38 41 45 41
46 41 53 41
54 41 63 41
64 41 75 41
76 41 86 41
87 41 98 41
99 41 107 41
108 41 116 41
117 41 127 41
128 41 138 41
139 40 144 41
145 40 150 41
151 38 153 41
154 38 156 41
157 38 159 41
160 38 162 41
163 38 165 41
166 38 168 41
169 38 171 41
172 38 174 41
175 38 177 41
178 38 180 41
181 38 183 41
184 38 186 41
187 38 189 41
190 38 192 41
193 38 195 41
196 38 198 41
0 42 2 45
3 42 8 43
9 42 14 43
15 42 19 43
20 42 23 43
24 42 29 43
30 42 33 43
34 42 37 43
38 42 41 43
42 42 45 43
46 42 49 43
50 42 54 43
55 42 58 43
59 42 64 43
65 42 72 42
73 42 80 42
81 42 89 42
90 42 97 42
169 42 174 43
175 42 180 43
181 42 186 43
187 42 192 43
193 42 198 43
3 44 11 44
12 44 19 44
139 44 150 44
151 44 162 44
163 44 174 44
175 44 186 44
187 44 198 44
3 45 12 45
187 45 198 45
199 38 199 45
0 46 2 49
3 46 5 49
6 46 16 46
17 46 22 47
23 46 28 47
29 46 34 47
35 46 40 47
41 46 46 47
47 46 52 47
53 46 58 47
59 46 64 47
65 46 70 47
71 46 76 47
77 46 82 47
83 46 88 47
89 46 94 47
95 46 100 47
101 46 106 47
107 46 112 47
113 46 118 47
119 46 124 47
125 46 130 47
131 46 136 47
137 46 142 47
143 46 148 47
149 46 154 47
155 46 160 47
161 46 166 47
167 46 172 47
173 46 178 47
6 48 9 49
10 48 14 49
15 48 19 49
20 48 23 49
24 48 31 48
32 48 39 48
40 48 51 48
52 48 62 48
63 48 71 48
72 48 80 48
81 48 90 48
91 48 100 48
101 48 110 48
111 48 122 48
123 48 133 48
134 48 142 48
143 48 150 48
151 48 162 48
167 48 178 48
24 49 32 49
33 49 40 49
41 49 49 49
155 49 166 49
167 49 178 49
179 46 181 49
182 46 184 49
185 46 187 49
188 46 190 49
191 46 193 49
194 46 196 49
197 46 199 49
0 50 2 53
3 50 12 50
13 50 24 50
25 50 36 50
65 50 76 50
77 50 88 50
89 50 100 50
101 50 112 50
113 50 124 50
125 50 136 50
137 50 148 50
149 50 160 50
161 50 172 50
173 50 184 50
185 50 196 50
3 51 11 51
12 51 20 51
21 51 31 51
161 51 172 51
173 51 184 51
185 51 196 51
3 52 7 53
8 52 11 53
12 52 16 53
17 52 20 53
21 52 26 53
27 52 30 53
31 52 41 52
42 52 52 52
53 52 58 53
59 52 64 53
65 52 70 53
71 52 76 53
77 52 82 53
83 52 88 53
89 52 94 53
95 52 100 53
101 52 106 53
107 52 112 53
113 52 118 53
119 52 124 53
125 52 130 53
131 52 136 53
137 52 142 53
143 52 148 53
149 52 154 53
155 52 160 53
161 52 166 53
167 52 172 53
173 52 178 53
179 52 184 53
185 52 190 53
191 52 196 53
197 50 199 53
0 54 1 57
2 54 3 57
4 54 5 57
6 54 7 57
8 54 9 57
10 54 11 57
12 54 14 57
15 54 17 57
18 54 22 55
23 54 27 55
28 54 32 55
33 54 37 55
38 54 41 55
42 54 46 55
47 54 51 55
52 54 62 54
63 54 73 54
74 54 81 54
82 54 90 54
91 54 98 54
99 54 109 54
110 54 119 54
52 55 59 55
60 55 68 55
110 55 121 55
122 55 133 55
134 55 145 55
146 55 157 55
158 54 163 55
164 54 169 55
170 54 175 55
176 54 181 55
18 56 22 57
23 56 27 57
28 56 32 57
33 56 37 57
56 56 67 56
68 56 79 56
80 56 91 56
92 56 103 56
104 56 115 56
116 56 127 56
38 57 47 57
48 57 56 57
57 57 67 57
68 57 76 57
77 57 84 57
92 57 103 57
104 57 115 57
116 57 127 57
128 56 133 57
134 56 139 57
140 56 145 57
146 56 151 57
152 56 157 57
158 56 163 57
164 56 169 57
170 56 175 57
176 56 181 57
182 54 184 57
185 54 187 57
188 54 190 57
191 54 193 57
194 54 196 57
197 54 199 57
0 58 2 61
3 58 4 61
5 58 7 61
8 58 10 61
11 58 16 59
17 58 20 59
21 58 25 59
26 58 29 59
30 58 33 59
34 58 39 59
40 58 44 59
45 58 49 59
50 58 55 59
56 58 59 59
98 58 109 58
110 58 121 58
122 58 133 58
60 59 71 59
72 59 80 59
81 59 88 59
89 59 96 59
97 59 107 59
108 59 116 59
122 59 133 59
134 58 139 59
140 58 145 59
146 58 151 59
152 58 157 59
158 58 163 59
164 58 169 59
170 58 175 59
176 58 181 59
182 58 187 59
11 60 15 61
16 60 20 61
21 60 25 61
26 60 31 61
32 60 36 61
37 60 41 61
42 60 45 61
46 60 50 61
51 60 54 61
55 60 59 61
60 60 63 61
64 60 68 61
69 60 73 61
74 60 79 61
80 60 84 61
85 60 89 61
90 60 93 61
94 60 98 61
99 60 104 61
105 60 109 61
110 60 113 61
114 60 117 61
118 60 128 60
129 60 137 60
138 60 145 60
146 60 154 60
155 60 163 60
164 60 175 60
176 60 187 60
118 61 128 61
129 61 139 61
140 61 148 61
152 61 163 61
164 61 175 61
176 61 187 61
188 58 190 61
191 58 193 61
194 58 196 61
197 58 199 61
0 62 3 64
4 62 7 64
8 62 10 64
11 62 13 64
14 62 17 64
18 62 21 64
22 62 25 64
26 62 28 64
29 62 31 64
32 62 34 64
35 62 46 62
47 62 55 62
64 62 75 62
76 62 87 62
88 62 99 62
100 62 111 62
112 62 123 62
124 62 135 62
136 62 147 62
148 62 159 62
160 62 171 62
172 62 183 62
35 63 43 63
44 63 51 63
52 63 61 63
62 63 71 63
72 63 83 63
84 63 92 63
93 63 101 63
102 63 113 63
114 63 125 63
126 63 135 63
136 63 146 63
147 63 154 63
155 63 163 63
164 63 171 63
172 63 183 63
35 64 43 64
44 64 51 64
52 64 60 64
61 64 72 64
73 64 80 64
81 64 89 64
90 64 101 64
124 64 135 64
136 64 147 64
148 64 159 64
160 64 171 64
172 64 183 64
184 62 187 64
188 62 191 64
192 62 195 64
196 62 199 64
0 65 2 68
3 65 4 68
5 65 7 68
8 65 9 68
10 65 12 68
13 65 14 68
15 65 17 68
18 65 19 68
20 65 22 68
23 65 25 68
26 65 27 68
28 65 30 68
31 65 32 68
33 65 35 68
36 65 37 68
38 65 40 68
41 65 42 68
43 65 44 68
45 65 47 68
48 65 50 68
51 65 52 68
53 65 54 68
55 65 59 66
60 65 63 66
64 65 69 66
70 65 74 66
75 65 80 66
81 65 85 66
86 65 90 66
91 65 95 66
96 65 100 66
101 65 104 66
105 65 114 65
115 65 126 65
127 65 136 65
137 65 145 65
146 65 157 65
158 65 165 65
105 66 112 66
113 66 120 66
121 66 129 66
130 66 141 66
142 66 149 66
150 66 161 66
162 66 169 66
170 66 179 66
185 66 196 66
55 67 60 68
61 67 68 67
69 67 78 67
185 67 196 67
61 68 71 68
72 68 79 68
197 65 199 68
0 69 0 76
126 70 137 70
138 70 149 70
150 70 161 70
162 70 173 70
174 70 185 70
186 70 197 70
1 71 5 72
6 71 11 72
12 71 16 72
17 71 21 72
22 71 27 72
28 71 32 72
33 71 37 72
38 71 42 72
43 71 47 72
48 71 52 72
53 71 56 72
57 71 61 72
62 71 67 72
68 71 71 72
72 71 75 72
76 71 81 72
82 71 85 72
86 71 91 72
92 71 96 72
97 72 107 72
108 71 113 72
114 71 119 72
120 71 125 72
126 71 131 72
132 71 137 72
138 71 143 72
144 71 149 72
150 71 155 72
156 71 161 72
162 71 167 72
168 71 173 72
174 71 179 72
180 71 185 72
186 71 191 72
192 71 197 72
1 73 3 76
4 73 5 76
6 73 8 76
9 73 11 76
12 73 14 76
15 73 17 76
18 73 20 76
21 73 23 76
24 73 25 76
132 73 143 73
144 73 155 73
156 73 167 73
168 73 179 73
180 73 191 73
26 74 37 74
38 74 47 74
48 74 55 74
56 74 63 74
64 74 72 74
73 74 82 74
83 74 94 74
95 74 102 74
103 74 112 74
120 74 131 74
132 74 143 74
144 74 155 74
156 74 167 74
168 74 179 74
180 74 191 74
26 75 31 76
32 75 36 76
37 75 42 76
43 75 46 76
47 75 51 76
52 75 56 76
57 75 61 76
62 75 65 76
66 75 69 76
78 75 89 75
90 75 101 75
102 75 113 75
114 75 125 75
126 75 137 75
138 75 149 75
150 75 155 76
156 75 161 76
162 75 167 76
168 75 173 76
174 75 179 76
180 75 185 76
186 75 191 76
192 73 194 76
195 73 197 76
198 69 198 76
199 69 199 76
0 77 2 80
3 77 8 78
9 77 12 78
13 77 22 77
23 77 31 77
32 77 39 77
40 77 47 77
134 77 139 78
140 77 145 78
146 77 151 78
152 77 157 78
158 77 163 78
164 77 169 78
170 77 175 78
176 77 181 78
182 77 187 78
188 77 193 78
194 77 199 78
3 79 7 80
8 79 11 80
12 79 17 80
18 79 22 80
23 79 26 80
27 79 30 80
31 79 35 80
36 79 39 80
40 79 44 80
45 79 49 80
50 79 54 80
55 79 59 80
60 79 63 80
64 79 68 80
69 79 74 80
75 79 79 80
80 79 84 80
85 79 92 79
93 79 103 79
104 79 111 79
140 79 151 79
152 79 163 79
164 79 175 79
85 80 94 80
95 80 103 80
104 80 112 80
113 80 124 80
125 80 133 80
134 80 142 80
143 80 150 80
151 80 158 80
159 80 166 80
167 80 175 80
176 79 181 80
182 79 187 80
188 79 193 80
194 79 199 80
0 81 1 84
2 81 4 84
5 81 7 84
8 81 10 84
11 81 21 81
152 81 163 81
11 82 22 82
23 82 30 82
31 82 39 82
40 82 49 82
50 82 61 82
62 82 69 82
70 82 80 82
81 82 90 82
91 82 98 82
99 82 107 82
108 82 116 82
117 82 128 82
129 82 137 82
138 82 147 82
152 82 163 82
164 81 169 82
170 81 175 82
176 81 181 82
182 81 187 82
188 81 193 82
194 81 199 82
68 83 79 83
80 83 91 83
92 83 103 83
104 83 115 83
116 83 127 83
128 83 139 83
140 83 151 83
152 83 163 83
164 83 175 83
176 83 187 83
188 83 199 83
11 84 21 84
22 84 32 84
0 85 0 92
1 85 3 88
4 85 11 85
12 85 22 85
23 85 31 85
32 85 39 85
40 85 50 85
51 85 59 85
60 85 71 85
72 85 79 85
83 85 94 85
95 85 106 85
107 85 118 85
119 85 130 85
131 85 142 85
143 85 154 85
155 85 166 85
167 85 178 85
4 86 14 86
15 86 25 86
35 86 46 86
47 86 58 86
59 86 70 86
71 86 82 86
83 86 94 86
95 86 106 86
107 86 118 86
119 86 130 86
131 86 142 86
143 86 154 86
155 86 166 86
167 86 178 86
179 85 184 86
185 85 190 86
191 85 196 86
4 87 7 88
8 87 12 88
13 87 16 88
17 87 22 88
23 87 28 88
29 87 34 88
35 87 39 88
40 87 44 88
45 87 48 88
49 87 54 88
55 87 59 88
60 87 63 88
64 87 71 87
72 87 82 87
83 87 91 87
92 87 101 87
102 87 109 87
110 87 117 87
118 87 125 87
126 87 135 87
185 87 196 87
77 88 88 88
89 88 100 88
101 88 112 88
113 88 124 88
125 88 136 88
137 88 148 88
149 88 160 88
161 88 172 88
173 88 184 88
185 88 196 88
197 85 199 88
1 89 3 92
4 89 5 92
6 89 11 90
12 89 16 90
17 89 21 90
22 89 30 89
31 89 41 89
62 89 73 89
74 89 85 89
86 89 97 89
98 89 109 89
110 89 121 89
122 89 133 89
134 89 145 89
146 89 157 89
158 89 163 90
164 89 169 90
170 89 175 90
176 89 181 90
182 89 187 90
188 89 193 90
194 89 199 90
6 91 10 92
11 91 15 92
16 91 21 92
22 91 26 92
27 91 31 92
32 91 36 92
37 91 40 92
41 91 45 92
46 91 50 92
51 91 55 92
56 91 60 92
61 91 66 92
67 91 71 92
72 91 75 92
76 91 80 92
81 91 85 92
86 91 90 92
91 91 94 92
95 91 99 92
100 91 104 92
105 91 110 92
111 91 114 92
115 91 126 91
127 91 135 91
152 91 163 91
164 91 175 91
115 92 124 92
125 92 132 92
133 92 140 92
141 92 150 92
151 92 161 92
164 92 175 92
176 91 181 92
182 91 187 92
188 91 193 92
194 91 199 92
0 93 0 100
1 93 1 100
2 93 2 100
3 93 5 96
6 93 7 96
8 93 10 96
11 93 20 93
21 93 32 93
33 93 42 93
50 93 61 93
62 93 73 93
74 93 85 93
86 93 97 93
11 94 20 94
21 94 28 94
29 94 36 94
37 94 45 94
46 94 54 94
55 94 63 94
64 94 71 94
72 94 83 94
86 94 97 94
98 93 103 94
104 93 109 94
110 93 115 94
116 93 121 94
122 93 127 94
128 93 133 94
134 93 139 94
140 93 145 94
146 93 151 94
152 93 157 94
158 93 163 94
164 93 169 94
170 93 175 94
176 93 181 94
11 95 14 96
15 95 25 95
26 95 33 95
34 95 44 95
15 96 24 96
25 96 33 96
50 95 55 96
56 95 61 96
62 95 67 96
68 95 73 96
74 95 79 96
80 95 85 96
86 95 91 96
92 95 97 96
98 95 103 96
104 95 109 96
110 95 115 96
116 95 121 96
122 95 127 96
128 95 133 96
134 95 139 96
140 95 145 96
146 95 151 96
152 95 157 96
158 95 163 96
164 95 169 96
170 95 175 96
176 95 181 96
182 93 184 96
185 93 187 96
188 93 190 96
191 93 193 96
194 93 196 96
197 93 199 96
3 97 5 100
6 97 8 100
9 97 11 100
12 97 16 98
17 97 22 98
23 97 28 98
29 97 34 98
35 97 40 98
44 97 55 97
56 97 67 97
68 97 79 97
80 97 91 97
92 97 103 97
104 97 115 97
116 97 127 97
128 97 139 97
140 97 151 97
152 97 163 97
164 97 175 97
176 97 187 97
188 97 199 97
41 98 48 98
49 98 56 98
57 98 66 98
67 98 78 98
79 98 90 98
91 98 101 98
102 98 113 98
114 98 121 98
122 98 130 98
131 98 138 98
139 98 147 98
148 98 156 98
157 98 164 98
165 98 175 98
176 98 185 98
12 99 16 100
17 99 21 100
22 99 25 100
26 99 31 100
32 99 36 100
37 99 46 99
47 99 54 99
55 99 62 99
63 99 70 99
116 99 127 99
128 99 139 99
140 99 151 99
152 99 163 99
164 99 175 99
176 99 187 99
188 99 199 99
0 101 0 108
1 101 1 108
2 101 4 104
5 101 8 102
9 101 12 102
13 101 16 102
17 101 20 102
21 101 25 102
26 101 30 102
31 101 35 102
36 101 41 102
42 101 47 102
48 101 59 101
60 101 67 101
68 101 77 101
78 101 87 101
95 101 100 102
101 101 106 102
107 101 112 102
113 101 118 102
119 101 124 102
125 101 130 102
131 101 136 102
137 101 142 102
143 101 148 102
149 101 154 102
155 101 160 102
161 101 166 102
167 101 172 102
173 101 178 102
5 103 10 104
119 103 130 103
131 103 142 103
143 103 154 103
155 103 166 103
11 104 20 104
21 104 28 104
29 104 38 104
39 104 48 104
49 104 56 104
57 104 65 104
143 104 154 104
155 104 166 104
167 103 172 104
173 103 178 104
179 101 181 104
182 101 184 104
185 101 187 104
188 101 190 104
191 101 193 104
194 101 196 104
197 101 199 104
2 105 3 108
4 105 12 105
13 105 20 105
21 105 28 105
4 106 13 106
14 106 21 106
22 106 30 106
31 106 39 106
40 106 47 106
48 106 55 106
56 106 67 106
68 106 77 106
78 106 85 106
86 106 96 106
98 106 109 106
110 106 121 106
122 106 133 106
134 106 145 106
146 106 157 106
158 106 169 106
170 105 175 106
176 105 181 106
182 105 187 106
188 105 193 106
4 107 9 108
10 107 13 108
14 107 22 107
23 107 33 107
34 107 41 107
42 107 53 107
54 107 63 107
64 107 73 107
74 107 84 107
85 107 92 107
93 107 101 107
102 107 109 107
110 107 118 107
119 107 129 107
130 107 139 107
140 107 147 107
148 107 156 107
157 107 164 107
165 107 175 107
176 107 187 107
14 108 23 108
24 108 35 108
36 108 44 108
45 108 52 108
53 108 63 108
64 108 74 108
75 108 85 108
86 108 93 108
94 108 104 108
105 108 116 108
117 108 125 108
126 108 133 108
134 108 141 108
142 108 152 108
153 108 161 108
162 108 171 108
176 108 187 108
188 107 193 108
194 105 196 108
197 105 199 108
0 109 2 112
3 109 5 112
6 109 8 112
9 109 11 112
12 109 14 112
15 109 16 112
17 109 19 112
20 109 21 112
22 109 26 110
27 109 31 110
32 109 37 110
38 109 43 110
44 109 47 110
48 109 53 110
54 109 58 110
59 109 64 110
65 109 72 109
73 109 82 109
83 109 90 109
91 109 98 109
99 109 109 109
65 110 74 110
75 110 86 110
179 109 184 110
185 109 190 110
22 111 26 112
27 111 31 112
32 111 36 112
37 111 41 112
42 111 46 112
47 111 50 112
51 111 55 112
56 111 61 112
62 111 65 112
66 111 70 112
71 111 74 112
75 111 80 112
81 111 86 112
87 111 91 112
92 111 96 112
97 111 102 112
103 111 107 112
108 111 112 112
113 111 118 112
119 111 123 112
124 111 129 112
137 111 142 112
143 111 148 112
149 111 154 112
155 111 160 112
161 111 166 112
167 111 172 112
173 111 178 112
179 111 184 112
185 111 190 112
191 109 193 112
194 109 196 112
197 109 199 112
0 113 1 116
2 113 3 116
4 113 6 116
7 113 8 116
9 113 10 116
11 113 16 114
17 113 21 114
22 113 26 114
27 113 30 114
110 113 121 113
122 113 133 113
31 114 38 114
39 114 46 114
47 114 56 114
57 114 66 114
67 114 75 114
76 114 83 114
84 114 93 114
122 114 133 114
134 113 139 114
140 113 145 114
146 113 151 114
152 113 157 114
11 115 14 116
15 115 19 116
20 115 24 116
25 115 34 115
35 115 46 115
47 115 54 115
25 116 35 116
36 116 45 116
46 116 53 116
54 116 64 116
68 116 79 116
80 116 91 116
92 116 103 116
104 116 115 116
116 116 127 116
128 116 139 116
140 116 151 116
152 115 157 116
158 113 160 116
161 113 163 116
164 113 166 116
167 113 169 116
170 113 172 116
173 113 175 116
176 113 178 116
179 113 181 116
182 113 184 116
185 113 187 116
188 113 190 116
191 113 193 116
194 113 196 116
197 113 199 116
0 117 2 120
3 117 5 120
6 117 8 120
9 117 10 120
11 117 16 118
17 118 26 118
27 118 34 118
167 118 178 118
179 117 184 118
185 117 190 118
191 117 196 118
11 119 16 120
17 119 20 120
21 119 26 120
27 119 32 120
33 119 36 120
37 119 42 120
43 119 47 120
48 119 51 120
52 119 57 120
58 119 62 120
63 119 66 120
67 119 70 120
83 119 94 119
95 119 106 119
107 119 112 120
113 119 118 120
119 119 124 120
125 119 130 120
131 119 136 120
137 119 142 120
143 119 148 120
149 119 154 120
155 119 160 120
161 119 166 120
167 119 172 120
173 119 178 120
179 119 184 120
185 119 190 120
191 119 196 120
197 117 199 120
0 121 2 124
3 121 5 124
6 121 7 124
8 121 10 124
11 121 12 124
13 121 17 122
18 121 22 122
23 121 28 122
29 121 34 122
35 121 38 122
39 121 43 122
44 121 47 122
48 121 52 122
131 121 142 121
143 121 154 121
155 121 166 121
167 121 178 121
53 122 60 122
179 121 184 122
185 121 190 122
191 121 196 122
13 123 16 124
17 123 20 124
21 123 25 124
137 123 148 123
26 124 37 124
38 124 46 124
47 124 56 124
57 124 67 124
68 124 76 124
77 124 84 124
85 124 96 124
97 124 108 124
109 124 116 124
117 124 124 124
125 124 135 124
136 124 147 124
149 123 154 124
155 123 160 124
161 123 166 124
167 123 172 124
173 123 178 124
179 123 184 124
185 123 190 124
191 123 196 124
197 121 199 124
0 125 3 127
4 125 6 127
7 125 9 127
10 125 12 127
13 125 15 127
16 125 19 127
20 125 29 125
30 125 39 125
40 125 48 125
49 125 56 125
57 125 66 125
172 125 183 125
184 125 195 125
40 126 51 126
52 126 63 126
64 126 75 126
76 126 87 126
88 126 99 126
100 126 111 126
112 126 123 126
124 126 135 126
136 126 147 126
148 126 159 126
160 126 171 126
172 126 183 126
184 126 195 126
20 127 30 127
31 127 39 127
52 127 63 127
64 127 75 127
76 127 87 127
88 127 99 127
100 127 111 127
112 127 123 127
124 127 135 127
136 127 147 127
148 127 159 127
160 127 171 127
172 127 183 127
184 127 195 127
196 125 199 127
0 128 1 131
2 128 4 131
5 128 6 131
7 128 8 131
9 128 11 131
12 128 14 131
15 128 19 129
20 128 29 128
30 128 37 128
38 128 46 128
47 128 55 128
65 128 76 128
77 128 88 128
89 128 100 128
101 128 112 128
101 129 112 129
113 128 118 129
119 128 124 129
125 128 130 129
131 128 136 129
137 128 142 129
143 128 148 129
149 128 154 129
155 128 160 129
161 128 166 129
167 128 172 129
173 128 178 129
179 128 184 129
15 130 20 131
21 130 26 131
27 130 34 130
35 130 43 130
53 130 64 130
65 130 76 130
77 130 88 130
89 130 100 130
101 130 112 130
113 130 124 130
125 130 136 130
137 130 148 130
149 130 160 130
161 130 172 130
27 131 38 131
39 131 47 131
48 131 56 131
57 131 64 131
77 131 88 131
89 131 100 131
101 131 112 131
113 131 124 131
125 131 136 131
137 131 148 131
149 131 160 131
161 131 172 131
173 130 178 131
179 130 184 131
185 128 187 131
188 128 190 131
191 128 193 131
194 128 196 131
197 128 199 131
0 132 0 139
1 132 6 133
7 132 11 133
12 132 19 132
20 132 28 132
188 132 199 132
188 133 199 133
1 134 4 135
5 134 10 135
11 134 14 135
15 134 18 135
19 134 24 135
25 134 30 135
31 134 34 135
35 134 38 135
39 134 42 135
43 134 53 134
54 134 62 134
146 134 157 134
158 134 169 134
170 134 181 134
182 134 193 134
43 135 51 135
52 135 61 135
74 135 85 135
86 135 97 135
98 135 109 135
110 135 121 135
122 135 133 135
134 135 145 135
146 135 157 135
158 135 169 135
170 135 181 135
182 135 193 135
194 134 199 135
1 136 3 139
4 136 5 139
6 136 8 139
9 136 11 139
12 136 13 139
14 136 16 139
17 136 19 139
20 136 21 139
22 136 24 139
25 136 26 139
27 136 32 137
33 136 36 137
37 136 42 137
43 136 47 137
48 136 53 137
54 136 57 137
58 136 61 137
62 136 66 137
67 136 71 137
72 136 76 137
77 136 82 137
83 136 88 137
89 136 93 137
94 136 99 137
100 136 104 137
105 136 110 137
111 136 114 137
115 136 119 137
120 136 123 137
124 136 127 137
128 136 131 137
132 136 135 137
136 136 140 137
141 136 144 137
145 136 148 137
149 136 154 137
155 136 166 136
155 137 166 137
27 138 31 139
32 138 36 139
37 138 40 139
41 138 45 139
46 138 50 139
51 138 55 139
56 138 61 139
62 138 67 139
68 138 71 139
72 138 75 139
76 138 81 139
82 138 87 139
88 138 92 139
93 138 97 139
98 138 101 139
102 138 107 139
108 138 113 139
114 138 118 139
119 138 122 139
123 138 126 139
127 138 131 139
132 138 142 138
132 139 142 139
143 138 148 139
149 138 154 139
155 138 160 139
161 138 166 139
167 136 169 139
170 136 172 139
173 136 175 139
176 136 178 139
179 136 181 139
182 136 184 139
185 136 187 139
188 136 190 139
191 136 193 139
194 136 196 139
197 136 199 139
0 140 0 147
1 140 1 147
2 140 4 143
5 140 14 140
15 140 23 140
24 140 35 140
36 140 44 140
45 140 52 140
53 140 60 140
61 140 70 140
5 141 15 141
16 141 24 141
25 141 34 141
35 141 46 141
47 141 56 141
57 141 68 141
73 141 84 141
85 140 90 141
91 140 96 141
97 140 102 141
103 140 108 141
109 140 114 141
115 140 120 141
121 140 126 141
127 140 132 141
133 140 138 141
139 140 144 141
145 140 150 141
151 140 156 141
5 142 9 143
10 142 13 143
14 142 17 143
18 142 29 142
30 142 37 142
38 142 47 142
48 142 57 142
58 142 69 142
70 142 78 142
79 142 88 142
89 142 97 142
98 142 105 142
106 142 113 142
18 143 25 143
49 143 60 143
61 143 72 143
73 143 84 143
85 143 96 143
97 143 108 143
109 143 120 143
121 143 132 143
133 142 138 143
139 142 144 143
145 142 150 143
151 142 156 143
157 140 159 143
160 140 162 143
163 140 165 143
166 140 168 143
169 140 171 143
172 140 174 143
175 140 177 143
178 140 180 143
181 140 183 143
184 140 186 143
187 140 189 143
190 140 192 143
193 140 195 143
196 140 198 143
2 144 4 147
5 144 7 147
8 144 13 145
14 144 23 144
24 144 34 144
35 144 42 144
43 144 50 144
51 144 59 144
60 144 68 144
69 144 77 144
78 144 88 144
89 144 97 144
98 144 107 144
108 144 117 144
118 144 125 144
14 145 23 145
24 145 32 145
33 145 42 145
43 145 53 145
54 145 62 145
63 145 70 145
71 145 79 145
80 145 88 145
89 145 98 145
99 145 108 145
145 145 156 145
157 145 168 145
169 145 180 145
181 145 192 145
193 144 198 145
8 146 12 147
13 146 18 147
19 146 23 147
24 146 29 147
30 146 34 147
35 146 40 147
41 146 44 147
45 146 49 147
97 146 108 146
109 146 120 146
121 146 132 146
133 146 144 146
50 147 59 147
60 147 67 147
68 147 76 147
77 147 84 147
85 147 93 147
94 147 103 147
104 147 113 147
114 147 122 147
123 147 132 147
133 147 144 147
145 146 150 147
151 146 156 147
157 146 162 147
163 146 168 147
169 146 174 147
175 146 180 147
181 146 186 147
187 146 192 147
193 146 198 147
199 140 199 147
0 148 8 148
9 148 16 148
17 148 24 148
25 148 32 148
33 148 41 148
42 148 49 148
50 148 61 148
62 148 72 148
73 148 83 148
84 148 95 148
119 148 130 148
131 148 142 148
143 148 154 148
155 148 166 148
167 148 178 148
179 148 190 148
0 149 11 149
12 149 19 149
20 149 28 149
29 149 37 149
38 149 48 149
49 149 57 149
58 149 67 149
68 149 75 149
76 149 83 149
84 149 91 149
92 149 101 149
102 149 109 149
110 149 117 149
118 149 127 149
128 149 137 149
138 149 147 149
148 149 159 149
0 150 4 151
5 150 9 151
10 150 14 151
15 150 20 151
21 150 24 151
25 150 30 151
31 150 36 151
37 150 40 151
41 150 44 151
45 150 50 151
51 150 56 151
57 150 60 151
61 150 66 151
67 150 72 151
73 150 76 151
77 150 82 151
83 150 86 151
87 150 91 151
92 151 103 151
104 151 112 151
113 151 122 151
123 151 134 151
137 151 148 151
149 150 154 151
155 150 160 151
161 150 166 151
167 150 172 151
173 150 178 151
179 150 184 151
185 150 190 151
191 148 193 151
194 148 196 151
197 148 199 151
0 152 2 155
3 152 5 155
6 152 7 155
8 152 11 153
12 152 19 152
20 152 31 152
32 152 40 152
41 152 49 152
62 152 73 152
74 152 85 152
86 152 97 152
98 152 109 152
110 152 121 152
122 152 133 152
134 152 145 152
146 152 157 152
158 152 169 152
170 152 181 152
12 153 21 153
22 153 32 153
8 154 13 155
14 154 18 155
32 154 43 154
44 154 55 154
56 154 67 154
68 154 79 154
80 154 91 154
92 154 103 154
104 154 115 154
116 154 127 154
128 154 139 154
140 154 151 154
152 154 163 154
19 155 26 155
27 155 36 155
37 155 46 155
47 155 55 155
56 155 63 155
64 155 74 155
116 155 127 155
128 155 139 155
140 155 151 155
152 155 163 155
164 154 169 155
170 154 175 155
176 154 181 155
182 152 184 155
185 152 187 155
188 152 190 155
191 152 193 155
194 152 196 155
197 152 199 155
0 156 2 158
3 156 5 158
6 156 8 158
9 156 11 158
12 156 14 158
15 156 17 158
18 156 21 158
22 156 24 158
25 156 27 158
28 156 30 158
31 156 33 158
34 156 36 158
37 156 40 158
41 156 43 158
44 156 47 158
48 156 50 158
51 156 54 158
55 156 57 158
58 156 60 158
61 156 63 158
64 156 67 158
68 156 71 158
72 156 80 156
81 156 89 156
90 156 101 156
102 156 110 156
111 156 119 156
120 156 130 156
131 156 142 156
172 156 183 156
72 157 80 157
81 157 89 157
90 157 98 157
99 157 108 157
109 157 118 157
119 157 130 157
131 157 138 157
139 157 150 157
154 157 165 157
72 158 80 158
81 158 88 158
89 158 97 158
98 158 107 158
108 158 117 158
118 158 126 158
127 158 136 158
137 158 145 158
146 158 157 158
166 157 171 158
172 157 177 158
178 157 183 158
184 156 187 158
188 156 191 158
192 156 195 158
196 156 199 158
0 159 1 162
2 159 3 162
4 159 6 162
7 159 9 162
10 159 21 159
22 159 31 159
32 159 43 159
44 159 52 159
53 159 64 159
65 159 75 159
76 159 84 159
85 159 93 159
94 159 101 159
176 159 187 159
188 159 199 159
10 160 19 160
10 161 15 162
16 161 20 162
21 161 24 162
25 161 30 162
31 161 35 162
36 161 40 162
41 161 46 162
47 161 51 162
52 161 61 161
62 161 69 161
70 161 77 161
52 162 60 162
61 162 71 162
72 162 83 162
84 162 92 162
93 162 101 162
102 162 112 162
113 162 121 162
122 162 130 162
131 162 140 162
146 162 157 162
158 162 169 162
170 162 181 162
182 161 187 162
188 161 193 162
194 161 199 162
0 163 0 170
1 163 3 166
4 163 6 166
7 163 9 166
10 163 12 166
13 163 17 164
18 163 21 164
22 163 26 164
27 163 31 164
32 163 41 163
42 163 50 163
51 163 58 163
59 163 68 163
69 163 77 163
78 163 88 163
89 163 96 163
134 163 145 163
32 164 42 164
43 164 50 164
51 164 60 164
61 164 70 164
71 164 81 164
82 164 91 164
92 164 99 164
100 164 107 164
146 163 151 164
152 163 157 164
158 163 163 164
164 163 169 164
170 163 175 164
176 163 181 164
182 163 187 164
188 163 193 164
194 163 199 164
13 165 18 166
19 165 29 165
30 165 39 165
40 165 48 165
49 165 57 165
58 165 66 165
67 165 78 165
79 165 88 165
98 165 109 165
110 165 121 165
122 165 133 165
134 165 145 165
146 165 157 165
158 165 169 165
170 165 181 165
19 166 27 166
28 166 37 166
38 166 46 166
47 166 57 166
134 166 145 166
146 166 157 166
158 166 169 166
170 166 181 166
182 165 187 166
188 165 193 166
194 165 199 166
1 167 3 170
4 167 6 170
7 167 9 170
10 167 14 168
101 167 112 167
113 167 124 167
15 168 24 168
25 168 33 168
34 168 44 168
45 168 53 168
54 168 64 168
65 168 75 168
76 168 84 168
85 168 93 168
94 168 101 168
102 168 112 168
113 168 124 168
125 167 130 168
131 167 136 168
137 167 142 168
143 167 148 168
149 167 154 168
155 167 160 168
161 167 166 168
167 167 172 168
173 167 178 168
10 169 19 169
10 170 18 170
179 167 181 170
182 167 184 170
185 167 187 170
188 167 190 170
191 167 193 170
194 167 196 170
197 167 199 170
0 171 2 174
3 171 4 174
5 171 7 174
8 171 10 174
11 171 21 171
22 171 29 171
30 171 41 171
42 171 49 171
50 171 58 171
59 171 68 171
69 171 80 171
81 171 90 171
91 171 102 171
103 171 111 171
112 171 120 171
121 171 128 171
129 171 137 171
138 171 146 171
147 171 154 171
155 171 165 171
166 171 174 171
175 171 182 171
183 171 193 171
11 172 18 172
19 172 27 172
182 172 193 172
11 173 15 174
16 173 19 174
20 173 23 174
24 173 27 174
28 173 31 174
32 173 36 174
37 173 42 174
43 173 47 174
110 173 121 173
122 173 133 173
134 173 145 173
146 173 157 173
158 173 169 173
170 173 181 173
182 173 193 173
48 174 58 174
59 174 68 174
69 174 80 174
81 174 90 174
91 174 100 174
101 174 109 174
110 174 117 174
118 174 128 174
182 174 193 174
194 171 196 174
197 171 199 174
0 175 2 178
3 175 4 178
5 175 6 178
7 175 9 178
10 175 12 178
13 175 15 178
16 175 17 178
18 175 19 178
20 175 27 175
20 176 30 176
31 176 41 176
42 176 50 176
51 176 58 176
59 176 68 176
69 176 76 176
77 176 85 176
86 176 93 176
94 176 104 176
105 176 112 176
113 176 121 176
122 176 131 176
132 176 141 176
142 176 149 176
150 176 157 176
158 176 167 176
168 176 178 176
179 176 190 176
20 177 30 177
31 177 41 177
42 177 51 177
52 177 61 177
62 177 72 177
73 177 84 177
85 177 93 177
94 177 102 177
103 177 111 177
119 177 130 177
131 177 142 177
143 177 154 177
155 177 166 177
167 177 178 177
20 178 28 178
29 178 36 178
37 178 48 178
49 178 60 178
61 178 69 178
70 178 79 178
80 178 88 178
89 178 96 178
97 178 104 178
179 177 184 178
185 177 190 178
191 175 193 178
194 175 196 178
197 175 199 178
0 179 0 186
1 179 4 180
5 179 8 180
158 179 169 179
9 180 17 180
18 180 26 180
27 180 35 180
36 180 46 180
47 180 56 180
57 180 66 180
67 180 76 180
77 180 86 180
87 180 94 180
1 181 6 182
7 181 15 181
16 181 23 181
24 181 32 181
33 181 42 181
43 181 50 181
51 181 62 181
63 181 73 181
7 182 16 182
17 182 24 182
25 182 32 182
33 182 41 182
42 182 52 182
53 182 61 182
74 181 79 182
80 181 85 182
86 181 91 182
92 181 97 182
98 181 103 182
104 181 109 182
110 181 115 182
116 181 121 182
122 181 127 182
128 181 133 182
134 181 139 182
140 181 145 182
146 181 151 182
152 181 157 182
158 181 163 182
164 181 169 182
170 179 172 182
173 179 175 182
176 179 178 182
179 179 181 182
182 179 184 182
185 179 187 182
188 179 190 182
191 179 193 182
194 179 196 182
197 179 199 182
1 183 3 186
4 183 6 186
7 183 8 186
9 183 10 186
11 183 13 186
14 183 25 183
26 183 33 183
34 183 43 183
44 183 54 183
55 183 65 183
66 183 74 183
75 183 83 183
84 183 95 183
107 183 118 183
119 183 130 183
131 183 142 183
14 184 22 184
23 184 33 184
34 184 43 184
44 184 52 184
53 184 63 184
64 184 71 184
131 184 142 184
143 183 148 184
149 183 154 184
155 183 160 184
161 183 166 184
167 183 172 184
173 183 178 184
179 183 184 184
185 183 190 184
14 185 18 186
19 185 27 185
28 185 37 185
38 185 47 185
48 185 56 185
57 185 64 185
143 185 154 185
155 185 166 185
167 185 178 185
167 186 178 186
179 185 184 186
185 185 190 186
191 183 193 186
194 183 196 186
197 183 199 186
0 187 3 189
4 187 7 189
8 187 10 189
11 187 20 187
21 187 31 187
32 187 40 187
41 187 51 187
64 187 75 187
76 187 87 187
88 187 99 187
100 187 111 187
112 187 123 187
11 188 15 189
16 188 21 189
22 188 25 189
26 188 31 189
32 188 37 189
46 188 51 189
52 188 57 189
58 188 63 189
64 188 69 189
70 188 75 189
76 188 81 189
82 188 87 189
88 188 93 189
94 188 99 189
100 188 105 189
106 188 111 189
112 188 117 189
118 188 123 189
124 187 127 189
128 187 131 189
132 187 135 189
136 187 139 189
140 187 143 189
144 187 147 189
148 187 151 189
152 187 155 189
156 187 159 189
160 187 163 189
164 187 167 189
168 187 171 189
172 187 175 189
176 187 179 189
180 187 183 189
184 187 187 189
188 187 191 189
192 187 195 189
196 187 199 189
0 190 2 193
3 190 4 193
5 190 7 193
8 190 9 193
10 190 12 193
13 190 15 193
16 190 17 193
18 190 20 193
21 190 23 193
24 190 26 193
27 190 29 193
30 190 39 190
40 190 50 190
158 190 169 190
170 190 181 190
182 190 193 190
30 191 38 191
39 191 46 191
47 191 54 191
55 191 65 191
66 191 76 191
77 191 87 191
88 191 98 191
99 191 106 191
107 191 117 191
118 191 126 191
127 191 134 191
135 191 143 191
144 191 151 191
152 191 161 191
162 191 169 191
170 191 178 191
179 191 187 191
194 190 199 191
30 192 34 193
35 192 40 193
41 192 46 193
47 192 51 193
52 192 56 193
57 192 61 193
62 193 69 193
70 193 77 193
78 193 86 193
87 193 97 193
98 193 106 193
107 193 114 193
115 193 123 193
124 193 131 193
140 193 151 193
152 193 163 193
164 193 175 193
176 192 181 193
182 192 187 193
188 192 193 193
194 192 199 193
0 194 4 195
5 194 10 195
11 194 22 194
23 194 32 194
33 194 40 194
41 194 50 194
51 194 60 194
61 194 69 194
70 194 77 194
140 194 151 194
152 194 163 194
11 195 18 195
19 195 28 195
92 195 103 195
104 195 115 195
116 195 127 195
128 195 139 195
140 195 151 195
152 195 163 195
164 194 169 195
170 194 175 195
176 194 181 195
182 194 187 195
0 196 10 196
11 196 19 196
20 196 27 196
28 196 38 196
39 196 47 196
48 196 58 196
59 196 67 196
98 196 109 196
110 196 121 196
122 196 133 196
134 196 145 196
146 196 157 196
158 196 169 196
170 196 181 196
0 197 7 197
8 197 18 197
19 197 30 197
31 197 39 197
40 197 49 197
50 197 61 197
62 197 72 197
73 197 82 197
83 197 91 197
92 197 101 197
102 197 111 197
112 197 119 197
182 196 187 197
188 194 190 197
191 194 193 197
194 194 196 197
197 194 199 197
0 198 5 199
6 198 9 199
10 198 14 199
15 198 19 199
20 198 23 199
24 198 35 198
36 198 43 198
44 198 53 198
54 198 63 198
68 198 79 198
80 198 91 198
92 198 103 198
104 198 115 198
116 198 127 198
128 198 139 198
68 199 79 199
80 199 91 199
92 199 103 199
104 199 115 199
116 199 127 199
128 199 139 199
140 198 145 199
146 198 151 199
152 198 157 199
158 198 163 199
164 198 169 199
170 198 175 199
176 198 181 199
182 198 187 199
0 200 11 200
12 200 23 200
24 200 31 200
32 200 41 200
42 200 49 200
50 200 58 200
59 200 68 200
69 200 79 200
80 200 90 200
91 200 99 200
100 200 109 200
110 200 117 200
118 200 126 200
127 200 135 200
136 200 143 200
144 200 151 200
152 200 160 200
0 201 9 201
10 201 21 201
22 201 29 201
170 200 175 201
176 200 181 201
182 200 187 201
188 198 190 201
191 198 193 201
194 198 196 201
197 198 199 201
0 202 3 203
4 202 9 203
10 202 13 203
14 202 18 203
19 202 24 203
25 202 33 202
34 202 45 202
126 202 137 202
138 202 149 202
150 202 161 202
162 202 173 202
25 203 33 203
34 203 45 203
46 203 54 203
55 203 62 203
63 203 70 203
71 203 79 203
80 203 88 203
89 203 100 203
101 203 110 203
111 203 118 203
119 203 127 203
128 203 137 203
138 203 146 203
147 203 154 203
155 203 163 203
164 203 173 203
0 204 5 205
6 204 9 205
10 204 13 205
14 204 17 205
18 204 25 204
18 205 27 205
28 205 38 205
39 205 47 205
48 205 58 205
59 205 67 205
68 205 75 205
76 205 87 205
88 205 95 205
96 204 101 205
102 204 107 205
108 204 113 205
114 204 119 205
120 204 125 205
126 204 131 205
132 204 137 205
138 204 143 205
144 204 149 205
150 204 155 205
156 204 161 205
162 204 167 205
168 204 173 205
174 202 176 205
177 202 179 205
180 202 182 205
183 202 185 205
186 202 188 205
189 202 191 205
192 202 194 205
195 202 197 205
0 206 1 209
2 206 3 209
4 206 6 209
7 206 10 207
11 206 15 207
16 206 20 207
21 206 24 207
25 206 29 207
30 206 41 206
42 206 49 206
50 206 58 206
59 206 69 206
70 206 77 206
78 206 85 206
86 206 93 206
94 206 101 206
102 206 113 206
114 206 123 206
124 206 131 206
132 206 139 206
140 206 149 206
30 207 38 207
39 207 46 207
150 206 155 207
156 206 161 207
162 206 167 207
168 206 173 207
174 206 179 207
180 206 185 207
7 208 15 208
16 208 26 208
174 208 185 208
7 209 17 209
174 209 185 209
186 206 188 209
189 206 191 209
192 206 194 209
195 206 197 209
198 202 198 209
199 202 199 209
0 210 2 213
3 210 5 213
6 210 8 213
9 210 10 213
11 210 13 213
14 210 15 213
16 210 18 213
19 210 21 213
22 210 24 213
25 210 27 213
28 210 30 213
31 210 33 213
34 210 36 213
37 210 39 213
40 210 42 213
43 210 45 213
46 210 48 213
49 210 51 213
52 210 53 213
54 210 56 213
57 210 59 213
60 210 62 213
63 210 65 213
66 210 67 213
68 210 70 213
71 210 76 211
77 210 82 211
83 210 86 211
87 210 92 211
93 210 96 211
97 210 102 211
103 210 106 211
107 210 118 210
119 210 126 210
127 210 134 210
135 210 143 210
144 210 154 210
155 210 164 210
165 210 172 210
107 211 114 211
115 211 122 211
123 211 131 211
132 211 139 211
140 211 150 211
151 211 160 211
167 211 178 211
179 210 184 211
185 210 190 211
71 212 75 213
76 212 80 213
81 212 85 213
86 212 89 213
90 212 94 213
95 212 98 213
99 212 102 213
103 212 107 213
108 212 115 212
116 212 123 212
124 212 133 212
134 212 145 212
146 212 157 212
108 213 119 213
120 213 128 213
129 213 137 213
138 213 146 213
155 213 166 213
167 212 172 213
173 212 178 213
179 212 184 213
185 212 190 213
191 210 193 213
194 210 196 213
197 210 199 213
0 214 2 217
3 214 4 217
5 214 9 215
10 214 14 215
15 214 20 215
21 214 25 215
26 214 29 215
30 214 33 215
34 214 37 215
38 214 42 215
43 214 47 215
48 214 51 215
52 214 55 215
56 214 59 215
60 214 64 215
65 214 69 215
70 214 74 215
75 214 82 214
83 214 92 214
93 214 102 214
75 215 86 215
92 215 103 215
104 215 115 215
116 214 121 215
122 214 127 215
128 214 133 215
134 214 139 215
140 214 145 215
146 214 151 215
152 214 157 215
158 214 163 215
164 214 169 215
170 214 175 215
176 214 181 215
182 214 187 215
188 214 193 215
110 216 121 216
122 216 133 216
134 216 145 216
146 216 157 216
158 216 169 216
5 217 13 217
14 217 22 217
23 217 31 217
32 217 42 217
110 217 121 217
122 217 133 217
134 217 145 217
146 217 157 217
158 217 169 217
170 216 175 217
176 216 181 217
182 216 187 217
188 216 193 217
194 214 196 217
197 214 199 217
0 218 1 221
2 218 4 221
5 218 7 221
8 218 10 221
11 218 14 219
15 218 20 219
21 218 30 218
31 218 39 218
40 218 49 218
50 218 61 218
62 218 71 218
72 218 81 218
85 218 96 218
97 218 108 218
21 219 32 219
33 219 42 219
49 219 60 219
61 219 72 219
73 219 84 219
85 219 96 219
97 219 108 219
109 218 114 219
115 218 120 219
121 218 126 219
127 218 132 219
133 218 138 219
139 218 144 219
145 218 150 219
151 218 156 219
11 221 18 221
19 220 24 221
25 220 30 221
31 220 36 221
37 220 42 221
43 220 48 221
49 220 54 221
55 220 60 221
61 220 66 221
67 220 72 221
73 220 78 221
79 220 84 221
85 220 90 221
91 220 96 221
97 220 102 221
103 220 108 221
109 220 114 221
115 220 120 221
121 220 126 221
127 220 132 221
133 220 138 221
139 220 144 221
145 220 150 221
151 220 156 221
157 218 159 221
160 218 162 221
163 218 165 221
166 218 168 221
169 218 171 221
172 218 174 221
175 218 177 221
178 218 180 221
181 218 183 221
184 218 186 221
187 218 189 221
190 218 192 221
193 218 195 221
196 218 198 221
0 222 1 225
2 222 4 225
5 222 7 225
8 222 10 225
11 222 22 222
145 222 156 222
157 222 168 222
169 222 180 222
11 223 20 223
169 223 180 223
181 222 186 223
11 224 14 225
25 224 36 224
37 224 48 224
49 224 60 224
61 224 72 224
73 224 84 224
85 224 96 224
15 225 24 225
25 225 33 225
37 225 48 225
49 225 60 225
61 225 72 225
73 225 84 225
85 225 96 225
97 224 102 225
103 224 108 225
109 224 114 225
115 224 120 225
121 224 126 225
127 224 132 225
133 224 138 225
139 224 144 225
145 224 150 225
151 224 156 225
157 224 162 225
163 224 168 225
169 224 174 225
175 224 180 225
181 224 186 225
187 222 189 225
190 222 192 225
193 222 195 225
196 222 198 225
199 218 199 225
0 226 11 226
23 226 34 226
35 226 46 226
47 226 58 226
59 226 70 226
71 226 82 226
83 226 94 226
95 226 106 226
107 226 118 226
119 226 130 226
131 226 142 226
143 226 154 226
155 226 166 226
167 226 178 226
0 227 9 227
23 227 34 227
35 227 46 227
47 227 58 227
59 227 70 227
71 227 82 227
83 227 94 227
95 227 106 227
107 227 118 227
119 227 130 227
131 227 142 227
143 227 154 227
155 227 166 227
167 227 178 227
0 228 3 229
4 228 7 229
8 228 12 229
13 228 17 229
71 228 82 228
83 228 94 228
95 228 106 228
107 228 118 228
119 228 130 228
131 228 142 228
143 228 154 228
155 228 166 228
167 228 178 228
18 229 28 229
29 229 36 229
37 229 47 229
48 229 58 229
59 229 70 229
71 229 79 229
80 229 88 229
89 229 97 229
107 229 118 229
119 229 130 229
131 229 142 229
143 229 154 229
155 229 166 229
167 229 178 229
179 226 181 229
182 226 184 229
185 226 187 229
188 226 190 229
191 226 193 229
194 226 196 229
197 226 199 229
0 230 2 233
3 230 5 233
6 230 8 233
9 230 11 233
12 230 14 233
15 230 22 230
23 230 31 230
32 230 39 230
40 230 50 230
51 230 61 230
62 230 69 230
70 230 77 230
78 230 88 230
89 230 96 230
97 230 104 230
105 230 115 230
116 230 125 230
26 231 37 231
38 231 49 231
50 231 61 231
62 231 73 231
74 231 85 231
86 231 97 231
98 231 109 231
110 231 121 231
122 231 133 231
134 230 139 231
140 230 145 231
146 230 151 231
152 230 157 231
158 230 163 231
164 230 169 231
170 230 175 231
176 230 181 231
182 230 187 231
188 230 193 231
15 232 19 233
20 232 24 233
146 232 157 232
158 232 169 232
170 232 181 232
182 232 193 232
25 233 33 233
34 233 43 233
44 233 52 233
53 233 61 233
62 233 69 233
70 233 80 233
86 233 97 233
98 233 109 233
110 233 121 233
122 233 133 233
134 233 145 233
146 233 157 233
158 233 169 233
170 233 181 233
182 233 193 233
194 230 196 233
197 230 199 233
0 234 0 241
1 234 3 237
4 234 6 237
8 234 19 234
20 234 31 234
32 234 43 234
44 234 55 234
56 234 67 234
68 234 79 234
80 234 91 234
7 235 15 235
16 235 26 235
27 235 38 235
39 235 46 235
47 235 54 235
55 235 62 235
63 235 74 235
80 235 91 235
92 234 97 235
98 234 103 235
104 234 109 235
110 234 115 235
116 234 121 235
122 234 127 235
128 234 133 235
134 234 139 235
140 234 145 235
146 234 151 235
152 234 157 235
158 234 163 235
164 234 169 235
170 234 175 235
176 234 181 235
182 234 187 235
188 234 193 235
194 234 199 235
7 236 12 237
13 236 17 237
18 236 22 237
23 236 26 237
68 236 79 236
80 236 91 236
92 236 103 236
104 236 115 236
116 236 127 236
128 236 139 236
140 236 151 236
27 237 35 237
36 237 44 237
140 237 151 237
152 236 157 237
158 236 163 237
164 236 169 237
170 236 175 237
176 236 181 237
182 236 187 237
188 236 193 237
194 236 199 237
1 238 2 241
3 238 14 238
15 238 22 238
23 238 30 238
3 239 12 239
13 239 21 239
22 239 29 239
30 239 38 239
39 239 50 239
51 239 62 239
80 239 91 239
92 239 103 239
104 239 115 239
116 238 121 239
122 238 127 239
128 238 133 239
134 238 139 239
140 238 145 239
146 238 151 239
152 238 157 239
3 240 7 241
8 240 12 241
13 240 22 240
13 241 24 241
25 241 35 241
36 241 43 241
44 241 52 241
53 241 60 241
61 241 70 241
86 240 91 241
92 240 97 241
98 240 103 241
104 240 109 241
110 240 115 241
116 240 121 241
122 240 127 241
128 240 133 241
134 240 139 241
140 240 145 241
146 240 151 241
152 240 157 241
158 238 160 241
161 238 163 241
164 238 166 241
167 238 169 241
170 238 172 241
173 238 175 241
176 238 178 241
179 238 181 241
182 238 184 241
185 238 187 241
188 238 190 241
191 238 193 241
194 238 196 241
197 238 199 241
0 242 0 249
1 242 3 245
4 242 5 245
6 242 8 245
9 242 11 245
12 242 14 245
15 242 19 243
20 242 25 243
26 242 30 243
31 242 35 243
36 242 40 243
41 242 45 243
46 242 54 242
55 242 64 242
65 242 72 242
152 243 163 243
164 242 169 243
170 242 175 243
176 242 181 243
182 242 187 243
188 242 193 243
15 244 19 245
20 244 29 244
30 244 37 244
38 244 49 244
50 244 59 244
60 244 68 244
158 244 169 244
170 244 181 244
20 245 27 245
28 245 35 245
36 245 47 245
182 244 187 245
188 244 193 245
194 242 196 245
197 242 199 245
1 246 3 249
4 246 6 249
7 246 9 249
10 246 12 249
13 246 15 249
16 246 17 249
18 246 19 249
20 246 22 249
23 246 27 247
28 246 35 246
36 246 43 246
44 246 55 246
56 246 65 246
137 246 148 246
149 246 160 246
161 246 172 246
28 247 39 247
40 247 50 247
51 247 59 247
60 247 67 247
68 247 77 247
78 247 86 247
87 247 96 247
97 247 106 247
107 247 116 247
117 247 125 247
126 247 135 247
136 247 144 247
145 247 155 247
161 247 172 247
23 248 28 249
29 248 34 249
35 248 40 249
41 248 45 249
46 248 51 249
52 248 56 249
57 248 61 249
62 248 65 249
66 248 69 249
70 248 74 249
75 248 80 249
81 248 85 249
86 248 90 249
91 248 94 249
95 248 99 249
100 248 103 249
104 248 112 248
113 248 118 249
119 248 124 249
125 248 130 249
131 248 136 249
137 248 142 249
143 248 148 249
149 248 154 249
155 248 160 249
161 248 166 249
167 248 172 249
173 246 175 249
176 246 178 249
179 246 181 249
182 246 184 249
185 246 187 249
188 246 190 249
191 246 193 249
194 246 196 249
197 246 199 249
