3957
0 0 1 6
2 0 3 6
4 0 5 6
6 0 7 6
8 0 9 6
954 0 967 0
968 0 981 0
982 0 995 0
10 1 16 2
17 1 23 2
24 1 30 2
31 1 36 2
37 1 48 1
49 1 60 1
61 1 73 1
74 1 87 1
88 1 100 1
101 1 112 1
10 3 16 4
17 3 22 4
23 3 35 3
933 3 946 3
947 3 960 3
961 3 974 3
23 4 34 4
919 4 932 4
933 4 946 4
947 4 960 4
961 4 974 4
975 3 981 4
982 3 988 4
989 3 995 4
968 5 981 5
982 5 995 5
996 0 997 6
998 0 999 6
965 7 978 7
937 8 950 8
951 8 964 8
965 8 978 8
979 7 985 8
986 7 992 8
993 7 999 8
937 9 950 9
951 9 964 9
965 9 978 9
979 9 992 9
0 10 13 10
14 10 25 10
993 9 999 10
951 11 964 11
965 11 978 11
979 11 985 12
986 11 992 12
993 11 999 12
972 13 985 13
986 13 999 13
0 15 12 15
951 15 964 15
0 16 11 16
965 15 971 16
972 15 978 16
979 15 985 16
986 15 992 16
993 15 999 16
0 17 6 18
7 17 13 18
14 17 26 17
958 17 971 17
972 17 985 17
986 17 999 17
0 19 2 22
3 19 8 20
972 19 985 19
986 19 999 19
9 20 21 20
3 21 16 21
986 21 999 21
3 22 14 22
986 22 999 22
0 23 2 26
3 23 8 24
9 23 15 24
16 23 22 24
23 24 34 24
35 24 46 24
969 24 982 24
983 24 996 24
3 25 9 26
10 25 16 26
17 25 22 26
23 25 29 26
30 25 43 25
899 25 912 25
913 25 926 25
927 25 940 25
941 25 954 25
955 25 968 25
969 25 982 25
983 25 996 25
969 26 982 26
983 26 996 26
997 23 999 26
0 27 2 30
986 27 999 27
3 28 16 28
986 28 999 28
3 29 8 30
9 29 15 30
16 29 21 30
22 29 27 30
28 29 41 29
42 29 54 29
28 30 39 30
40 30 53 30
54 30 66 30
67 30 78 30
951 30 964 30
965 30 978 30
979 29 985 30
986 29 992 30
993 29 999 30
0 31 1 37
2 31 3 37
4 31 5 37
6 31 17 31
18 31 29 31
30 31 41 31
6 32 12 33
13 32 18 33
19 32 24 33
25 32 30 33
922 32 935 32
936 32 949 32
880 33 893 33
894 33 907 33
908 33 921 33
922 33 935 33
936 33 949 33
950 32 956 33
957 32 963 33
964 32 970 33
971 32 977 33
978 32 984 33
985 32 991 33
6 34 12 35
13 34 24 34
25 34 37 34
38 34 51 34
52 34 64 34
65 34 76 34
77 34 89 34
90 34 101 34
13 35 26 35
971 35 984 35
985 34 991 35
6 36 12 37
13 36 26 36
27 36 40 36
41 36 54 36
55 36 66 36
13 37 24 37
25 37 37 37
971 37 984 37
985 36 991 37
992 31 993 37
994 31 995 37
996 31 997 37
998 31 999 37
0 38 5 39
6 38 19 38
937 38 943 39
944 38 950 39
951 38 957 39
958 38 964 39
965 38 971 39
972 38 978 39
979 38 985 39
986 38 992 39
993 38 999 39
0 40 13 40
14 40 25 40
26 40 37 40
38 40 49 40
944 40 957 40
958 40 971 40
972 40 985 40
986 40 999 40
0 42 2 45
3 42 9 43
10 42 16 43
17 42 23 43
24 42 30 43
31 42 44 42
934 43 947 43
948 43 961 43
962 43 975 43
976 42 982 43
983 42 989 43
990 42 996 43
3 44 16 44
17 44 29 44
30 44 43 44
941 44 954 44
955 44 968 44
969 44 982 44
3 45 16 45
983 44 989 45
990 44 996 45
997 42 999 45
0 46 6 47
7 46 13 47
14 46 19 47
20 46 26 47
27 46 33 47
34 46 39 47
983 46 996 46
969 47 982 47
983 47 996 47
0 48 6 49
7 48 13 49
14 48 20 49
21 48 34 48
955 48 968 48
969 48 982 48
983 48 996 48
21 49 34 49
35 49 47 49
48 49 61 49
62 49 75 49
997 46 999 49
0 50 2 53
3 50 8 51
9 50 15 51
16 50 21 51
22 50 28 51
29 51 41 51
42 51 53 51
54 51 67 51
3 52 14 52
15 52 28 52
955 53 968 53
969 53 982 53
983 53 996 53
997 50 999 53
0 54 2 57
3 54 8 55
9 54 22 54
986 55 999 55
902 56 915 56
916 56 929 56
930 56 943 56
944 56 957 56
958 56 971 56
3 57 15 57
16 57 28 57
29 57 40 57
41 57 53 57
972 56 978 57
979 56 985 57
986 56 992 57
993 56 999 57
0 58 11 58
0 59 12 59
986 58 992 59
993 58 999 59
0 60 6 61
7 60 19 60
20 60 31 60
32 60 43 60
44 60 57 60
58 60 70 60
0 62 1 68
2 62 3 68
4 62 16 62
982 62 995 62
4 63 10 64
11 63 17 64
18 63 24 64
982 63 995 63
968 64 981 64
982 64 995 64
4 65 9 66
10 65 23 65
24 65 35 65
36 65 49 65
50 65 61 65
62 65 73 65
74 65 85 65
86 65 98 65
958 65 964 66
965 65 971 66
972 65 978 66
979 65 985 66
986 65 992 66
4 67 15 67
979 68 992 68
993 65 995 68
996 62 997 68
998 62 999 68
0 69 6 70
7 69 12 70
13 69 18 70
19 69 25 70
26 69 32 70
33 69 39 70
40 69 46 70
47 69 53 70
54 69 59 70
60 69 72 69
73 69 86 69
87 69 100 69
916 69 929 69
930 69 943 69
944 69 957 69
958 69 971 69
972 69 985 69
986 69 999 69
0 71 6 72
7 71 12 72
13 71 19 72
20 71 26 72
27 71 32 72
958 71 971 71
972 71 985 71
986 71 999 71
33 72 44 72
0 73 2 76
3 73 8 74
9 73 15 74
16 73 27 73
16 74 27 74
28 74 39 74
3 75 14 75
15 75 28 75
955 76 968 76
969 76 982 76
983 76 996 76
997 73 999 76
986 77 999 77
0 79 6 80
7 79 13 80
14 79 19 80
965 79 978 79
979 79 985 80
986 79 992 80
993 79 999 80
0 81 6 82
7 81 12 82
13 81 19 82
20 81 26 82
27 81 33 82
34 81 40 82
41 81 54 81
979 81 985 82
986 81 992 82
993 81 999 82
0 83 6 84
7 83 13 84
14 83 25 83
986 83 999 83
0 85 2 88
927 85 940 85
941 85 954 85
955 85 968 85
969 85 982 85
983 85 996 85
3 86 15 86
969 86 982 86
983 86 996 86
3 87 14 87
878 88 891 88
892 88 905 88
906 88 919 88
920 88 933 88
934 88 947 88
948 88 961 88
962 88 975 88
976 88 989 88
990 87 996 88
997 85 999 88
0 89 6 90
7 89 20 89
986 91 992 92
993 91 999 92
0 93 13 93
14 93 26 93
27 93 39 93
40 93 51 93
965 93 978 93
0 94 12 94
13 94 25 94
26 94 37 94
38 94 49 94
50 94 62 94
63 94 74 94
75 94 86 94
979 93 985 94
986 93 992 94
993 93 999 94
0 95 12 95
13 95 24 95
25 95 36 95
37 95 49 95
50 95 62 95
0 96 12 96
13 96 25 96
902 96 915 96
916 96 929 96
930 96 943 96
944 96 957 96
958 96 971 96
972 96 985 96
986 96 999 96
979 97 992 97
993 97 999 98
0 99 5 100
965 100 978 100
979 100 992 100
993 99 999 100
0 101 5 102
6 102 18 102
19 102 32 102
33 102 44 102
965 102 978 102
979 102 992 102
993 101 999 102
0 103 12 103
13 103 25 103
26 103 39 103
40 103 53 103
54 103 67 103
68 103 79 103
979 103 992 103
0 104 12 104
13 104 26 104
993 103 999 104
0 105 5 106
6 105 12 106
13 105 25 105
979 106 992 106
993 105 999 106
0 107 6 108
7 107 12 108
13 107 18 108
19 107 25 108
26 107 32 108
33 107 38 108
937 107 950 107
951 107 964 107
965 107 978 107
951 108 964 108
965 108 978 108
979 107 985 108
986 107 992 108
993 107 999 108
0 109 13 109
0 110 11 110
888 110 901 110
902 110 915 110
916 110 929 110
930 110 943 110
944 110 957 110
958 110 971 110
972 110 985 110
986 109 992 110
993 109 999 110
0 111 5 112
6 111 12 112
13 111 19 112
20 111 32 111
33 111 44 111
45 111 57 111
58 111 70 111
979 111 985 112
986 111 992 112
993 111 999 112
0 113 2 116
979 113 992 113
3 114 16 114
17 114 30 114
31 114 42 114
43 114 56 114
979 114 992 114
993 113 999 114
3 115 9 116
10 116 23 116
979 115 985 116
986 115 992 116
993 115 999 116
0 117 6 118
7 117 13 118
14 117 27 117
28 117 41 117
42 117 55 117
972 117 985 117
986 117 999 117
14 118 26 118
27 118 38 118
39 118 51 118
986 118 999 118
0 119 5 120
6 119 12 120
13 119 19 120
965 119 971 120
972 119 978 120
979 119 985 120
986 119 992 120
993 119 999 120
0 121 5 122
6 121 11 122
12 121 18 122
19 122 30 122
930 122 943 122
944 122 957 122
958 122 971 122
972 122 985 122
986 122 999 122
0 123 5 124
6 123 12 124
13 123 19 124
20 123 25 124
26 123 38 123
39 123 51 123
52 123 63 123
64 123 76 123
965 124 978 124
979 124 992 124
993 123 999 124
0 125 1 131
2 125 3 131
4 125 5 131
6 125 17 125
6 126 12 127
13 126 19 127
20 126 26 127
27 126 39 126
40 126 52 126
53 126 65 126
66 126 77 126
78 126 89 126
90 126 101 126
931 126 944 126
945 126 958 126
959 126 972 126
973 126 986 126
27 127 40 127
41 127 53 127
987 126 993 127
980 129 993 129
6 130 12 131
13 130 25 130
26 130 37 130
38 130 51 130
52 130 63 130
13 131 26 131
27 131 40 131
41 131 52 131
952 131 965 131
966 131 979 131
980 130 986 131
987 130 993 131
994 125 995 131
996 125 997 131
998 125 999 131
0 132 5 133
6 132 12 133
13 132 26 132
13 133 26 133
0 134 6 135
7 134 12 135
13 134 26 134
27 134 38 134
916 134 929 134
790 135 803 135
804 135 817 135
818 135 831 135
832 135 845 135
846 135 859 135
860 135 873 135
874 135 887 135
888 135 901 135
902 135 915 135
916 135 929 135
930 134 936 135
937 134 943 135
944 134 950 135
951 134 957 135
958 134 964 135
965 134 971 135
972 134 978 135
979 134 985 135
986 134 992 135
993 134 999 135
888 136 901 136
902 136 915 136
916 136 929 136
930 136 943 136
944 136 957 136
958 136 971 136
0 137 13 137
14 137 27 137
874 137 887 137
888 137 901 137
902 137 915 137
916 137 929 137
930 137 943 137
944 137 957 137
958 137 971 137
972 136 978 137
979 136 985 137
986 136 992 137
993 136 999 137
0 138 5 139
6 138 12 139
13 138 18 139
986 138 999 138
0 142 12 142
13 142 26 142
27 142 39 142
958 142 971 142
972 142 985 142
986 142 999 142
0 143 13 143
0 144 5 145
6 144 12 145
13 144 24 144
930 144 943 144
944 144 957 144
958 144 971 144
972 144 985 144
13 145 26 145
972 145 985 145
986 144 992 145
993 144 999 145
0 146 12 146
986 146 992 147
993 146 999 147
0 148 13 148
0 150 12 150
0 151 12 151
13 151 26 151
941 151 954 151
955 150 961 151
962 150 968 151
969 150 975 151
976 150 982 151
983 150 989 151
990 150 996 151
997 148 999 151
0 152 5 153
6 152 12 153
13 152 19 153
20 152 31 152
20 153 32 153
986 153 999 153
0 154 6 155
7 154 13 155
14 154 25 154
26 154 37 154
0 157 12 157
13 157 24 157
25 157 38 157
0 158 11 158
12 158 23 158
24 158 36 158
0 159 6 160
7 159 12 160
13 159 24 159
13 160 26 160
27 160 40 160
972 160 985 160
986 159 992 160
993 159 999 160
0 161 6 162
7 161 13 162
0 163 13 163
14 163 27 163
28 163 39 163
40 163 53 163
54 163 65 163
972 164 985 164
986 163 992 164
993 163 999 164
0 165 12 165
0 166 13 166
14 166 25 166
0 167 6 168
986 167 999 167
930 168 943 168
944 168 957 168
958 168 971 168
972 168 985 168
986 168 999 168
0 169 6 170
7 169 20 169
21 169 32 169
33 169 46 169
47 169 58 169
59 169 71 169
72 169 83 169
986 169 999 169
7 170 18 170
986 170 999 170
0 171 6 172
7 171 13 172
14 171 20 172
21 171 27 172
28 171 34 172
35 171 40 172
41 171 52 171
972 171 985 171
986 171 999 171
0 173 6 174
7 173 13 174
14 173 20 174
21 173 27 174
28 173 34 174
35 173 41 174
42 173 53 173
958 174 971 174
972 173 978 174
979 173 985 174
986 173 992 174
993 173 999 174
0 175 2 178
3 176 15 176
16 176 28 176
29 176 42 176
43 176 54 176
3 177 14 177
3 178 14 178
15 178 28 178
994 175 996 178
997 175 999 178
0 179 2 182
3 179 14 179
909 179 922 179
923 179 936 179
937 179 950 179
951 179 964 179
965 179 978 179
979 179 985 180
986 179 992 180
993 179 999 180
986 181 999 181
3 182 14 182
930 182 943 182
944 182 957 182
958 182 971 182
972 182 985 182
986 182 999 182
0 183 11 183
12 183 23 183
24 183 36 183
37 183 50 183
0 185 6 186
7 185 12 186
13 185 19 186
20 185 26 186
27 185 33 186
34 186 46 186
47 186 60 186
945 186 958 186
959 186 972 186
973 186 986 186
987 185 993 186
994 183 996 186
997 183 999 186
986 187 999 187
951 188 964 188
965 188 978 188
951 189 964 189
965 189 978 189
979 188 985 189
986 188 992 189
993 188 999 189
0 190 5 191
6 190 11 191
12 191 23 191
979 190 985 191
986 190 992 191
993 190 999 191
0 192 5 193
6 192 12 193
13 193 25 193
26 193 38 193
39 193 50 193
51 193 62 193
986 193 999 193
0 194 5 195
6 194 19 194
20 194 33 194
6 195 17 195
987 194 993 195
0 196 5 197
6 196 11 197
931 196 944 196
945 196 958 196
959 196 972 196
973 196 979 197
980 196 986 197
987 196 993 197
994 194 996 197
997 194 999 197
0 199 11 199
979 199 992 199
993 198 999 199
965 200 978 200
979 200 992 200
0 201 13 201
979 201 992 201
993 200 999 201
0 202 6 203
958 202 971 202
7 203 18 203
19 203 32 203
972 202 978 203
979 202 985 203
986 202 992 203
993 202 999 203
958 204 971 204
972 204 985 204
986 204 999 204
0 205 12 205
972 205 985 205
986 205 999 205
0 207 11 207
12 207 24 207
958 206 964 207
965 206 971 207
972 206 978 207
979 206 985 207
986 206 992 207
993 206 999 207
0 208 6 209
7 208 13 209
14 209 25 209
26 209 37 209
38 209 51 209
0 210 2 213
3 210 9 211
913 210 926 210
927 210 940 210
941 210 954 210
955 210 968 210
969 210 975 211
976 210 982 211
983 210 989 211
990 210 996 211
3 212 9 213
10 212 15 213
16 212 22 213
23 212 29 213
30 212 36 213
37 212 50 212
51 212 63 212
983 212 996 212
37 213 48 213
885 213 898 213
899 213 912 213
913 213 926 213
927 213 940 213
941 213 954 213
955 213 968 213
969 213 982 213
983 213 996 213
997 210 999 213
0 214 6 215
7 214 19 214
20 214 31 214
7 215 19 215
972 215 985 215
986 215 999 215
0 216 11 216
930 216 943 216
944 216 957 216
958 216 971 216
972 216 985 216
972 217 985 217
986 216 992 217
993 216 999 217
0 218 11 218
12 218 23 218
24 218 37 218
899 218 912 218
913 218 926 218
927 218 940 218
941 218 947 219
948 218 954 219
955 218 961 219
962 218 968 219
969 218 975 219
976 218 982 219
983 218 989 219
990 218 996 219
0 220 6 221
927 221 940 221
941 221 954 221
955 221 968 221
969 221 982 221
983 221 996 221
997 218 999 221
0 222 6 223
7 222 13 223
14 222 20 223
21 222 27 223
986 222 999 222
0 225 13 225
972 225 985 225
986 224 992 225
993 224 999 225
0 226 11 226
12 226 23 226
24 226 37 226
38 226 50 226
51 226 62 226
0 227 11 227
0 229 12 229
13 229 26 229
27 229 38 229
958 229 971 229
972 229 985 229
986 229 999 229
0 230 12 230
13 230 24 230
25 230 36 230
37 230 50 230
958 230 971 230
0 231 13 231
14 231 26 231
930 231 943 231
944 231 957 231
958 231 971 231
972 230 978 231
979 230 985 231
986 230 992 231
993 230 999 231
0 232 5 233
6 232 12 233
13 232 24 232
13 233 26 233
0 234 11 234
12 234 24 234
25 234 38 234
39 234 50 234
972 234 985 234
986 234 999 234
0 235 13 235
14 235 25 235
26 235 37 235
38 235 50 235
51 235 62 235
63 235 76 235
77 235 88 235
0 236 6 237
7 236 18 236
888 236 901 236
902 236 915 236
916 236 929 236
930 236 943 236
944 236 957 236
958 236 971 236
972 236 985 236
986 236 999 236
7 237 19 237
20 237 31 237
986 237 999 237
979 238 992 238
993 238 999 239
0 240 6 241
972 241 985 241
986 241 999 241
0 242 6 243
7 242 13 243
14 242 19 243
20 242 31 242
32 242 44 242
986 242 999 242
0 244 6 245
7 244 13 245
14 244 26 244
27 244 38 244
39 244 50 244
51 244 63 244
64 244 75 244
14 245 27 245
28 245 40 245
41 245 54 245
55 245 67 245
986 245 999 245
0 246 5 247
6 246 12 247
13 246 19 247
979 246 992 246
20 247 33 247
965 247 978 247
979 247 992 247
993 246 999 247
0 248 5 249
6 248 11 249
12 248 18 249
19 248 25 249
26 248 31 249
32 249 43 249
44 249 56 249
57 249 68 249
69 249 81 249
82 249 94 249
965 248 971 249
972 248 978 249
979 248 985 249
986 248 992 249
993 248 999 249
0 250 1 256
2 250 14 250
978 250 991 250
2 251 14 251
978 251 984 252
985 251 991 252
2 253 8 254
9 253 14 254
961 254 974 254
975 253 981 254
982 253 988 254
2 255 7 256
8 255 13 256
14 255 20 256
21 255 26 256
27 255 39 255
989 253 991 256
992 250 993 256
994 250 995 256
996 250 997 256
998 250 999 256
0 257 5 258
6 257 11 258
12 257 24 257
12 258 24 258
980 258 993 258
0 259 6 260
7 259 18 259
938 259 951 259
952 259 965 259
966 259 979 259
980 259 993 259
7 260 20 260
994 257 996 260
997 257 999 260
0 262 13 262
979 261 985 262
986 261 992 262
993 261 999 262
0 263 6 264
7 263 12 264
13 263 19 264
944 263 957 263
958 263 964 264
965 263 971 264
972 263 978 264
979 263 985 264
986 263 992 264
993 263 999 264
965 265 978 265
979 265 992 265
993 265 999 266
0 267 13 267
944 267 957 267
958 267 971 267
972 267 985 267
986 267 999 267
986 268 999 268
0 269 6 270
7 269 18 269
7 270 20 270
21 270 33 270
972 271 985 271
986 271 999 271
0 272 13 272
14 272 25 272
26 272 37 272
38 272 51 272
0 273 6 274
7 273 12 274
13 273 18 274
19 273 24 274
25 273 37 273
38 273 49 273
50 273 62 273
969 273 982 273
983 273 996 273
0 275 11 275
0 276 11 276
983 275 989 276
990 275 996 276
997 273 999 276
0 277 5 278
6 277 12 278
13 277 19 278
20 277 25 278
26 277 32 278
0 279 5 280
6 279 12 280
990 279 996 280
997 277 999 280
0 281 1 287
2 281 3 287
4 281 5 287
6 281 7 287
8 281 9 287
10 281 21 281
10 282 16 283
17 282 23 283
24 282 37 282
38 282 49 282
977 282 983 283
984 282 990 283
991 282 997 283
10 284 21 284
22 284 34 284
35 284 47 284
991 284 997 285
10 286 15 287
16 286 21 287
22 286 28 287
29 286 41 286
29 287 40 287
41 287 52 287
53 287 65 287
66 287 79 287
984 286 990 287
991 286 997 287
998 281 999 287
0 288 6 289
7 288 13 289
14 288 20 289
21 288 33 288
986 288 999 288
958 289 971 289
972 289 985 289
986 289 999 289
0 290 5 291
6 290 12 291
13 290 18 291
930 290 943 290
944 290 957 290
958 290 971 290
972 290 985 290
972 291 985 291
986 290 992 291
993 290 999 291
0 292 5 293
6 292 12 293
13 292 26 292
27 292 40 292
909 293 922 293
923 293 936 293
937 292 943 293
944 292 950 293
951 292 957 293
958 292 964 293
965 292 971 293
972 292 978 293
979 292 985 293
986 292 992 293
993 292 999 293
0 294 11 294
979 295 992 295
993 294 999 295
0 296 6 297
7 296 12 297
13 296 24 296
25 296 36 296
37 296 50 296
972 297 985 297
986 297 999 297
986 298 999 298
972 299 985 299
986 299 999 299
969 300 982 300
983 300 989 301
990 300 996 301
843 302 856 302
857 302 870 302
871 302 884 302
885 302 898 302
899 302 912 302
913 302 926 302
927 302 940 302
941 302 954 302
955 302 968 302
969 302 982 302
983 302 996 302
997 300 999 303
0 304 2 307
3 304 9 305
10 304 16 305
17 304 30 304
17 305 28 305
29 305 41 305
42 305 54 305
55 305 67 305
68 305 80 305
81 305 92 305
93 305 105 305
3 306 8 307
9 307 21 307
22 307 34 307
0 308 2 311
3 308 8 309
969 308 982 308
983 308 996 308
9 309 21 309
22 309 34 309
35 309 47 309
48 309 59 309
60 309 72 309
913 309 926 309
927 309 940 309
941 309 954 309
955 309 968 309
969 309 982 309
983 309 996 309
3 310 8 311
9 310 20 310
962 310 975 310
976 310 989 310
9 311 21 311
22 311 34 311
990 310 996 311
997 308 999 311
978 312 991 312
0 313 11 313
12 313 24 313
25 313 36 313
964 313 977 313
0 314 12 314
13 314 25 314
964 314 977 314
978 313 984 314
985 313 991 314
992 312 995 314
0 315 2 318
3 315 5 318
6 315 17 315
6 316 17 316
975 317 988 317
6 318 17 318
18 318 31 318
32 318 44 318
45 318 57 318
947 318 960 318
961 318 974 318
975 318 988 318
989 317 995 318
996 312 997 318
998 312 999 318
986 319 999 319
0 320 11 320
12 320 25 320
986 320 999 320
0 321 11 321
0 322 12 322
13 322 24 322
986 322 999 322
0 323 6 324
7 323 13 324
14 323 20 324
21 323 27 324
972 323 985 323
28 324 39 324
40 324 51 324
52 324 65 324
66 324 79 324
80 324 91 324
986 323 992 324
993 323 999 324
0 325 13 325
930 326 943 326
944 326 957 326
958 325 964 326
965 325 971 326
972 325 978 326
979 325 985 326
986 325 992 326
993 325 999 326
0 327 5 328
6 328 18 328
993 327 999 328
0 329 6 330
7 329 12 330
13 329 25 329
26 329 37 329
979 329 992 329
13 330 26 330
27 330 39 330
993 329 999 330
0 331 2 334
3 331 8 332
9 331 15 332
958 332 971 332
972 331 978 332
979 331 985 332
986 331 992 332
993 331 999 332
3 333 9 334
10 333 21 333
22 333 33 333
34 333 45 333
46 333 58 333
972 334 985 334
986 334 999 334
0 336 11 336
12 336 24 336
930 336 943 336
944 336 957 336
958 336 971 336
972 336 985 336
986 335 992 336
993 335 999 336
0 337 6 338
7 337 13 338
14 338 26 338
27 338 40 338
41 338 52 338
0 339 12 339
986 339 999 339
0 340 11 340
12 340 23 340
0 341 12 341
13 341 25 341
944 341 957 341
958 341 971 341
972 341 985 341
972 342 985 342
986 341 992 342
993 341 999 342
0 344 13 344
993 343 999 344
0 346 12 346
13 346 25 346
0 347 11 347
12 347 24 347
25 347 36 347
37 347 50 347
51 347 63 347
944 347 957 347
958 347 971 347
972 347 985 347
916 348 929 348
930 348 943 348
944 348 957 348
958 348 971 348
972 348 985 348
986 347 992 348
993 347 999 348
0 349 13 349
937 349 950 349
951 349 964 349
909 350 922 350
923 350 936 350
937 350 950 350
951 350 964 350
965 349 971 350
972 349 978 350
979 349 985 350
986 349 992 350
993 349 999 350
958 351 971 351
0 352 11 352
972 351 978 352
979 351 985 352
986 351 992 352
993 351 999 352
986 353 999 353
0 354 13 354
958 354 971 354
972 354 985 354
986 354 999 354
0 355 11 355
12 355 25 355
26 355 39 355
40 355 51 355
52 355 63 355
64 355 75 355
76 355 88 355
89 355 100 355
909 356 922 356
923 356 936 356
937 356 950 356
951 356 964 356
965 356 978 356
979 356 992 356
993 355 999 356
0 357 5 358
6 357 12 358
13 358 24 358
25 358 36 358
37 358 48 358
49 358 61 358
62 358 75 358
979 357 985 358
986 357 992 358
993 357 999 358
979 359 992 359
993 359 999 360
0 361 6 362
7 361 13 362
14 361 19 362
20 361 25 362
972 361 985 361
986 361 999 361
26 362 39 362
0 363 6 364
7 363 12 364
13 363 18 364
923 363 936 363
937 363 950 363
951 363 964 363
965 363 978 363
979 363 992 363
993 363 999 364
0 365 5 366
6 365 17 365
972 366 985 366
986 365 992 366
993 365 999 366
0 367 2 370
3 367 15 367
986 367 999 367
3 368 14 368
15 368 28 368
3 369 8 370
9 369 15 370
16 369 22 370
23 369 29 370
30 369 41 369
42 369 54 369
979 369 992 369
979 370 992 370
993 369 999 370
0 371 6 372
7 371 12 372
13 371 25 371
909 371 922 371
923 371 936 371
937 371 950 371
951 371 964 371
965 371 978 371
979 371 992 371
937 372 950 372
951 372 964 372
965 372 978 372
979 372 992 372
993 371 999 372
0 373 6 374
7 373 19 373
986 374 999 374
0 375 1 381
2 375 3 381
4 375 7 377
8 376 14 377
15 376 20 377
21 376 33 376
923 376 936 376
937 376 950 376
21 377 32 377
33 377 44 377
45 377 56 377
57 377 70 377
937 377 950 377
951 376 957 377
958 376 964 377
965 376 971 377
972 376 978 377
979 376 985 377
986 375 989 377
990 375 993 377
4 378 9 379
10 378 15 379
16 378 27 378
28 378 40 378
897 378 910 378
911 378 924 378
925 378 938 378
939 378 952 378
953 378 966 378
967 378 980 378
967 379 980 379
981 378 987 379
4 380 9 381
10 380 22 380
23 380 36 380
37 380 49 380
50 380 63 380
64 380 75 380
10 381 23 381
960 380 966 381
967 380 973 381
974 380 980 381
981 380 987 381
988 378 990 381
991 378 993 381
994 375 995 381
996 375 997 381
998 375 999 381
0 382 6 383
7 382 20 382
21 382 34 382
35 382 47 382
7 383 20 383
860 383 873 383
874 383 887 383
888 383 901 383
902 383 915 383
916 383 929 383
930 383 943 383
944 383 957 383
958 383 971 383
972 382 978 383
979 382 985 383
986 382 992 383
993 382 999 383
0 385 12 385
13 385 24 385
25 385 36 385
37 385 49 385
50 385 61 385
972 385 985 385
986 384 992 385
993 384 999 385
0 386 2 389
3 386 9 387
10 386 16 387
986 386 999 386
3 388 9 389
10 388 16 389
17 388 23 389
24 388 29 389
30 388 36 389
37 388 48 388
49 388 60 388
61 388 74 388
75 388 87 388
88 388 99 388
100 388 111 388
112 388 123 388
124 388 136 388
137 388 150 388
151 388 163 388
951 388 964 388
965 388 978 388
979 388 992 388
37 389 48 389
965 389 978 389
979 389 992 389
993 388 999 389
0 390 2 393
3 390 15 390
986 390 992 391
993 390 999 391
3 392 8 393
9 392 20 392
21 392 34 392
0 394 12 394
13 394 24 394
25 394 37 394
965 394 978 394
979 394 992 394
0 395 11 395
12 395 23 395
24 395 35 395
36 395 49 395
993 394 999 395
958 396 964 397
965 396 971 397
972 396 978 397
979 396 985 397
986 396 992 397
993 396 999 397
0 398 13 398
944 398 957 398
958 398 971 398
972 398 985 398
986 398 999 398
0 399 13 399
14 399 26 399
0 400 13 400
979 401 992 401
993 400 999 401
0 402 6 403
7 402 13 403
14 402 20 403
21 403 32 403
972 403 985 403
986 403 999 403
0 404 6 405
7 404 18 404
986 404 999 404
972 405 985 405
986 405 999 405
0 406 1 412
2 406 3 412
4 406 5 412
6 407 12 408
13 407 18 408
19 407 24 408
986 407 999 407
25 408 36 408
986 408 999 408
6 409 12 410
13 410 26 410
27 410 38 410
958 410 971 410
972 410 985 410
986 410 999 410
6 411 11 412
12 411 17 412
18 411 24 412
25 411 36 411
37 411 50 411
25 412 38 412
993 411 999 412
0 413 6 414
7 413 12 414
13 413 25 413
26 413 37 413
965 413 978 413
979 413 992 413
13 414 24 414
25 414 36 414
37 414 50 414
51 414 63 414
64 414 76 414
993 413 999 414
0 415 5 416
6 415 11 416
12 416 24 416
25 416 37 416
38 416 50 416
51 416 63 416
944 416 957 416
958 416 971 416
972 415 978 416
979 415 985 416
986 415 992 416
993 415 999 416
0 417 2 420
3 417 8 418
969 417 982 417
983 417 996 417
983 418 996 418
976 419 989 419
962 420 975 420
976 420 989 420
990 419 996 420
997 417 999 420
0 421 5 422
6 421 12 422
13 421 25 421
26 421 37 421
979 422 992 422
993 421 999 422
972 423 985 423
986 423 999 423
0 424 12 424
983 425 996 425
0 426 12 426
13 426 24 426
941 426 954 426
955 426 968 426
969 426 982 426
983 426 996 426
0 427 5 428
6 427 12 428
13 427 18 428
19 427 25 428
26 427 31 428
32 428 44 428
983 428 996 428
997 425 999 428
0 429 2 432
3 429 15 429
16 429 28 429
29 429 40 429
41 429 53 429
941 429 954 429
955 429 968 429
969 429 982 429
983 429 996 429
3 431 9 432
10 431 21 431
941 431 954 431
955 431 968 431
969 431 982 431
983 431 996 431
983 432 996 432
997 429 999 432
0 433 2 436
3 433 9 434
10 433 22 433
23 433 35 433
10 434 21 434
22 434 35 434
36 434 49 434
50 434 63 434
993 433 999 434
3 435 9 436
10 435 16 436
958 435 971 435
972 435 985 435
986 435 999 435
0 437 12 437
0 438 6 439
7 438 13 439
14 438 20 439
21 438 27 439
28 438 40 438
928 438 941 438
942 438 955 438
956 438 969 438
970 438 983 438
984 438 997 438
28 439 40 439
41 439 52 439
0 440 5 441
6 440 18 440
956 440 969 440
970 440 983 440
984 440 997 440
6 441 17 441
18 441 29 441
30 441 41 441
42 441 53 441
928 441 941 441
942 441 955 441
956 441 969 441
970 441 983 441
984 441 997 441
963 442 976 442
977 442 990 442
991 442 997 443
998 437 999 443
0 444 13 444
972 445 985 445
986 445 999 445
0 446 12 446
930 446 943 446
944 446 957 446
958 446 971 446
972 446 985 446
986 446 999 446
0 447 13 447
14 447 27 447
0 448 2 451
3 448 8 449
955 448 968 448
969 448 982 448
9 449 22 449
23 449 34 449
35 449 47 449
955 449 968 449
969 449 982 449
983 448 989 449
990 448 996 449
857 450 870 450
871 450 884 450
885 450 898 450
899 450 912 450
913 450 926 450
927 450 940 450
941 450 954 450
955 450 968 450
969 450 982 450
983 450 996 450
3 451 15 451
969 451 982 451
983 451 996 451
997 448 999 451
0 452 12 452
965 452 978 452
979 452 992 452
993 452 999 453
0 454 13 454
965 456 978 456
979 456 992 456
0 457 12 457
13 457 26 457
27 457 39 457
993 456 999 457
0 458 11 458
12 458 25 458
26 458 39 458
40 458 53 458
944 458 957 458
958 458 971 458
972 458 985 458
986 458 992 459
993 458 999 459
0 460 6 461
7 460 12 461
13 460 19 461
20 460 26 461
27 460 33 461
34 460 40 461
955 460 968 460
969 460 982 460
41 461 53 461
969 461 982 461
983 460 989 461
990 460 996 461
0 462 11 462
12 462 23 462
24 462 37 462
38 462 51 462
0 463 12 463
941 463 954 463
955 463 968 463
969 463 982 463
983 463 996 463
997 460 999 463
0 464 6 465
7 464 19 464
965 465 978 465
979 464 985 465
986 464 992 465
993 464 999 465
0 466 12 466
13 466 25 466
986 466 992 467
993 466 999 467
0 468 2 471
3 468 14 468
15 468 28 468
29 468 42 468
986 468 999 468
3 469 15 469
3 470 14 470
15 470 27 470
28 470 39 470
40 470 53 470
944 470 957 470
958 470 971 470
972 470 985 470
986 470 999 470
986 471 999 471
0 472 2 475
3 473 14 473
15 473 26 473
979 473 992 473
993 472 999 473
3 474 8 475
9 474 15 475
16 474 22 475
23 474 28 475
29 474 41 474
42 474 55 474
972 474 985 474
986 474 999 474
986 475 999 475
952 476 965 476
966 476 979 476
0 477 13 477
14 477 27 477
28 477 41 477
42 477 53 477
54 477 65 477
66 477 77 477
952 477 965 477
966 477 979 477
980 476 986 477
987 476 993 477
0 478 5 479
6 478 12 479
931 478 944 478
945 478 958 478
959 478 972 478
973 478 986 478
973 479 986 479
987 478 993 479
994 476 996 479
997 476 999 479
0 480 6 481
7 480 12 481
13 480 25 480
26 480 38 480
39 480 51 480
52 480 65 480
66 480 79 480
80 480 92 480
0 482 5 483
979 482 992 482
6 483 18 483
19 483 30 483
993 482 999 483
0 484 13 484
0 485 12 485
993 484 999 485
0 487 13 487
0 488 2 491
3 488 9 489
10 488 15 489
16 488 22 489
23 489 34 489
965 489 978 489
979 489 992 489
993 488 999 489
3 490 9 491
10 490 16 491
972 490 985 490
986 490 999 490
17 491 28 491
0 492 5 493
0 494 5 495
6 494 19 494
20 494 31 494
930 495 943 495
944 495 957 495
958 495 971 495
972 495 985 495
986 495 999 495
0 496 13 496
902 496 915 496
916 496 929 496
930 496 943 496
944 496 957 496
958 496 971 496
972 496 985 496
986 496 999 496
986 497 999 497
0 498 5 499
6 498 19 498
958 498 964 499
965 498 971 499
972 498 978 499
979 498 985 499
986 498 992 499
993 498 999 499
0 500 1 506
2 500 5 502
6 500 17 500
18 500 31 500
32 500 44 500
45 500 56 500
6 501 11 502
12 501 17 502
18 502 29 502
991 501 997 502
2 503 14 503
942 504 955 504
956 504 969 504
970 504 983 504
984 504 997 504
2 505 7 506
8 505 20 505
21 505 33 505
956 505 969 505
970 505 983 505
984 505 997 505
984 506 997 506
998 500 999 506
0 507 5 508
6 507 12 508
13 507 25 507
26 507 38 507
944 508 957 508
958 508 971 508
972 508 985 508
986 508 999 508
0 509 5 510
6 509 12 510
13 509 19 510
20 509 32 509
965 509 978 509
979 509 992 509
979 510 992 510
993 509 999 510
0 511 6 512
7 511 18 511
19 511 30 511
31 511 43 511
44 511 57 511
937 511 950 511
951 511 964 511
965 511 978 511
979 511 992 511
993 511 999 512
0 513 5 514
6 513 12 514
13 513 25 513
972 513 985 513
13 514 25 514
26 514 37 514
38 514 49 514
986 513 992 514
993 513 999 514
0 515 2 518
3 515 9 516
10 515 16 516
17 515 29 515
937 516 950 516
951 516 964 516
965 516 978 516
979 515 985 516
986 515 992 516
993 515 999 516
3 517 9 518
10 517 15 518
16 517 22 518
23 517 29 518
958 517 971 517
972 517 985 517
986 517 999 517
30 518 42 518
43 518 54 518
0 519 6 520
7 519 12 520
13 519 19 520
20 519 26 520
27 519 32 520
33 519 38 520
39 519 45 520
46 519 51 520
52 519 58 520
59 519 64 520
979 519 992 519
65 520 78 520
937 520 950 520
951 520 964 520
965 520 978 520
979 520 992 520
993 519 999 520
986 522 999 522
0 523 2 526
3 523 8 524
9 523 14 524
15 523 21 524
22 523 27 524
28 523 34 524
35 523 40 524
41 523 47 524
48 523 53 524
54 523 65 523
66 523 77 523
78 523 89 523
90 523 102 523
103 523 114 523
115 523 126 523
986 523 999 523
54 524 66 524
3 525 9 526
10 525 15 526
16 525 22 526
23 525 29 526
30 525 35 526
36 525 41 526
42 525 55 525
902 525 915 525
916 525 929 525
930 525 943 525
944 525 957 525
958 525 971 525
972 525 985 525
986 525 999 525
42 526 54 526
55 526 66 526
972 527 985 527
972 528 985 528
986 527 992 528
993 527 999 528
0 531 1 537
2 531 3 537
4 531 5 537
6 531 7 537
8 531 9 537
872 531 885 531
886 531 899 531
900 531 913 531
914 531 927 531
928 531 941 531
942 531 955 531
956 531 969 531
970 531 983 531
984 531 997 531
10 533 23 533
10 534 12 537
13 534 15 537
16 534 18 537
19 534 25 535
921 534 934 534
935 534 948 534
949 534 962 534
963 534 976 534
977 534 990 534
26 535 39 535
40 535 51 535
991 534 997 535
977 537 990 537
991 536 997 537
998 531 999 537
0 538 5 539
6 538 12 539
13 538 26 538
13 539 25 539
972 538 978 539
979 538 985 539
986 538 992 539
993 538 999 539
0 540 6 541
7 540 12 541
13 540 18 541
19 540 25 541
26 540 32 541
923 540 936 540
937 540 950 540
951 540 964 540
965 540 978 540
979 540 985 541
986 540 992 541
993 540 999 541
0 543 12 543
951 543 964 543
965 543 978 543
979 543 992 543
993 542 999 543
0 544 5 545
986 544 999 544
0 546 11 546
965 546 978 546
979 546 992 546
993 546 999 547
0 548 5 549
930 549 943 549
944 549 957 549
958 549 971 549
972 549 985 549
986 549 999 549
0 550 13 550
916 550 929 550
930 550 943 550
944 550 957 550
958 550 971 550
972 550 985 550
986 550 999 550
0 551 11 551
12 551 24 551
25 551 36 551
37 551 49 551
50 551 62 551
972 551 985 551
986 551 999 551
0 552 5 553
6 552 11 553
12 552 18 553
19 552 32 552
19 553 30 553
0 554 2 557
3 554 9 555
10 554 16 555
17 554 23 555
24 554 30 555
31 554 37 555
38 554 51 554
52 554 64 554
972 554 985 554
986 554 999 554
916 555 929 555
930 555 943 555
944 555 957 555
958 555 971 555
972 555 985 555
986 555 999 555
986 557 999 557
0 558 2 561
3 558 9 559
10 558 16 559
17 558 23 559
24 558 29 559
30 558 42 558
43 558 54 558
55 558 66 558
983 559 996 559
3 560 9 561
10 560 15 561
16 560 22 561
23 560 28 561
29 561 41 561
42 561 55 561
56 561 69 561
70 561 82 561
83 561 96 561
97 561 109 561
110 561 121 561
122 561 134 561
135 561 146 561
997 558 999 561
0 562 3 564
4 563 9 564
10 563 16 564
17 563 22 564
0 565 5 566
6 565 11 566
12 565 23 565
24 565 35 565
36 565 47 565
967 566 980 566
981 566 994 566
0 567 11 567
12 567 23 567
24 567 37 567
925 567 938 567
939 567 952 567
953 567 966 567
0 568 12 568
967 567 973 568
974 567 980 568
981 567 987 568
988 567 994 568
995 565 997 568
998 562 999 568
0 569 12 569
13 569 26 569
27 569 39 569
40 569 53 569
0 570 13 570
14 570 26 570
948 570 961 570
962 570 975 570
976 570 989 570
990 569 996 570
0 571 6 572
7 571 12 572
13 572 24 572
983 572 996 572
997 569 999 572
0 573 5 574
6 573 12 574
13 573 18 574
944 573 957 573
958 573 971 573
972 573 985 573
972 574 985 574
986 573 992 574
993 573 999 574
0 575 6 576
7 575 18 575
19 575 31 575
32 575 45 575
979 576 992 576
993 575 999 576
0 577 6 578
7 577 13 578
14 577 19 578
20 577 26 578
27 577 32 578
33 577 39 578
40 578 53 578
54 578 65 578
958 578 971 578
972 578 985 578
986 577 992 578
993 577 999 578
0 579 5 580
6 579 12 580
13 579 19 580
20 579 25 580
26 579 37 579
38 579 49 579
50 579 62 579
63 579 76 579
77 579 90 579
26 580 38 580
958 581 971 581
972 581 985 581
0 582 11 582
972 582 985 582
986 581 992 582
993 581 999 582
986 583 999 583
0 584 13 584
14 584 27 584
986 584 999 584
0 585 5 586
6 585 18 585
19 585 31 585
32 585 43 585
44 585 55 585
56 585 67 585
68 585 79 585
80 585 91 585
92 585 104 585
927 585 940 585
941 585 954 585
955 585 968 585
969 585 982 585
983 585 996 585
0 587 13 587
969 587 982 587
983 587 996 587
997 585 999 588
0 589 2 592
3 589 15 589
916 590 929 590
930 590 943 590
944 590 957 590
958 590 971 590
972 590 985 590
986 589 992 590
993 589 999 590
3 591 9 592
10 591 16 592
965 591 978 591
17 592 28 592
965 592 978 592
979 591 985 592
986 591 992 592
993 591 999 592
937 593 950 593
951 593 964 593
965 593 971 594
972 593 978 594
979 593 985 594
986 593 992 594
993 593 999 594
0 595 5 596
6 595 18 595
19 595 32 595
33 595 45 595
909 595 922 595
923 595 936 595
937 595 950 595
951 595 964 595
965 595 978 595
6 596 19 596
20 596 31 596
32 596 45 596
951 596 964 596
965 596 978 596
979 595 985 596
986 595 992 596
993 595 999 596
0 597 2 600
3 597 9 598
10 597 15 598
902 597 915 597
916 597 929 597
930 597 943 597
944 597 957 597
958 597 971 597
972 597 978 598
979 597 985 598
986 597 992 598
993 597 999 598
3 599 9 600
10 599 16 600
17 599 30 599
31 599 42 599
986 599 999 599
0 601 6 602
7 601 12 602
13 601 19 602
20 601 25 602
26 601 31 602
32 601 38 602
920 602 933 602
934 602 947 602
948 602 961 602
962 601 968 602
969 601 975 602
976 601 982 602
983 601 989 602
990 601 996 602
0 603 6 604
7 603 12 604
13 603 24 603
25 603 38 603
13 604 25 604
26 604 38 604
976 603 982 604
983 603 989 604
990 603 996 604
997 601 999 604
0 605 12 605
930 605 943 605
944 605 957 605
958 605 971 605
972 605 985 605
986 605 999 605
944 606 957 606
958 606 971 606
972 606 985 606
986 606 999 606
937 607 950 607
951 607 964 607
965 607 978 607
979 607 992 607
0 608 11 608
12 608 23 608
24 608 35 608
36 608 49 608
50 608 61 608
979 608 992 608
993 607 999 608
0 609 13 609
0 610 13 610
952 610 965 610
966 610 979 610
980 609 986 610
987 609 993 610
0 611 5 612
6 611 12 612
13 611 19 612
20 611 31 611
987 611 993 612
994 609 996 612
997 609 999 612
0 613 6 614
7 613 12 614
13 613 19 614
20 613 33 613
34 613 45 613
46 613 59 613
20 614 32 614
33 614 44 614
986 614 999 614
0 615 13 615
14 615 26 615
27 615 40 615
41 615 53 615
54 615 66 615
67 615 79 615
80 615 91 615
958 615 971 615
972 615 985 615
986 615 999 615
0 616 11 616
12 616 25 616
26 616 37 616
986 616 999 616
0 617 6 618
993 617 999 618
0 619 6 620
7 619 13 620
958 619 971 619
972 619 985 619
986 619 992 620
993 619 999 620
860 621 873 621
874 621 887 621
888 621 901 621
902 621 915 621
916 621 929 621
930 621 943 621
944 621 957 621
958 621 971 621
972 621 985 621
0 622 12 622
986 621 992 622
993 621 999 622
0 623 6 624
7 624 18 624
19 624 32 624
33 624 46 624
47 624 60 624
61 624 73 624
74 624 87 624
88 624 99 624
0 625 1 631
2 625 3 631
4 625 5 631
6 625 7 631
8 625 19 625
20 625 32 625
33 625 46 625
8 627 20 627
21 627 34 627
958 627 971 627
972 627 985 627
986 625 989 627
8 628 21 628
952 628 965 628
966 628 979 628
980 628 986 629
8 630 14 631
938 630 951 630
952 630 965 630
966 630 979 630
980 630 986 631
987 628 989 631
990 625 991 631
992 625 993 631
994 625 995 631
996 625 997 631
998 625 999 631
0 632 2 635
3 633 14 633
15 633 28 633
993 632 999 633
3 634 8 635
979 634 992 634
9 635 22 635
23 635 36 635
37 635 50 635
965 635 978 635
979 635 992 635
993 634 999 635
0 636 6 637
7 637 19 637
951 637 964 637
965 636 971 637
972 636 978 637
979 636 985 637
986 636 992 637
993 636 999 637
0 638 6 639
7 638 12 639
13 638 19 639
930 639 943 639
944 639 957 639
958 639 971 639
972 639 985 639
986 638 992 639
993 638 999 639
0 640 5 641
6 640 12 641
13 640 18 641
19 640 25 641
26 640 32 641
33 640 38 641
941 640 954 640
955 640 968 640
969 640 982 640
983 640 996 640
0 642 6 643
7 642 12 643
13 642 19 643
20 642 26 643
27 642 32 643
33 642 46 642
47 642 60 642
61 642 73 642
976 642 989 642
990 642 996 643
997 640 999 643
0 644 5 645
986 644 999 644
6 645 18 645
19 645 30 645
0 646 5 647
6 646 12 647
13 646 19 647
20 646 26 647
27 646 32 647
33 646 38 647
986 646 999 646
972 647 985 647
986 647 999 647
0 648 5 649
6 648 12 649
13 648 19 649
20 648 32 648
958 648 971 648
20 649 33 649
34 649 45 649
46 649 59 649
60 649 71 649
72 649 84 649
85 649 96 649
944 649 957 649
958 649 971 649
972 648 978 649
979 648 985 649
986 648 992 649
993 648 999 649
0 650 12 650
13 650 24 650
0 651 12 651
979 651 992 651
993 650 999 651
0 652 2 655
3 652 5 655
6 652 8 655
9 652 20 652
21 652 33 652
34 652 46 652
47 652 58 652
916 652 929 652
930 652 943 652
944 652 957 652
958 652 971 652
944 653 957 653
958 653 971 653
972 652 978 653
979 652 985 653
986 652 992 653
993 652 999 653
9 654 15 655
965 654 978 654
979 654 985 655
986 654 992 655
993 654 999 655
0 656 1 662
984 656 997 656
2 657 7 658
8 657 14 658
15 657 21 658
22 657 28 658
29 657 35 658
36 657 42 658
43 657 49 658
50 657 56 658
57 657 63 658
64 657 70 658
71 657 83 657
84 657 97 657
71 658 83 658
963 658 976 658
977 658 990 658
991 657 997 658
2 659 14 659
15 659 26 659
27 659 40 659
41 659 53 659
54 659 66 659
67 659 79 659
80 659 93 659
94 659 106 659
107 659 119 659
120 659 132 659
133 659 146 659
900 659 913 659
914 659 927 659
928 659 941 659
942 659 955 659
956 659 969 659
970 659 983 659
2 660 13 660
984 659 990 660
991 659 997 660
2 661 8 662
9 661 15 662
16 661 22 662
23 661 29 662
30 661 36 662
37 661 49 661
50 661 61 661
970 662 983 662
984 662 997 662
998 656 999 662
0 663 5 664
6 663 12 664
13 663 19 664
20 663 31 663
32 663 45 663
46 663 57 663
58 663 70 663
71 663 84 663
85 663 96 663
97 663 108 663
109 663 121 663
122 663 133 663
134 663 146 663
147 663 160 663
161 663 172 663
173 663 186 663
187 663 199 663
200 663 211 663
212 663 224 663
902 663 915 663
916 663 929 663
930 663 943 663
944 663 957 663
958 663 971 663
930 664 943 664
944 664 957 664
958 664 971 664
972 663 978 664
979 663 985 664
986 663 992 664
993 663 999 664
0 665 6 666
986 665 999 665
7 666 20 666
21 666 34 666
35 666 46 666
0 667 6 668
7 667 20 667
969 667 982 667
983 667 996 667
955 668 968 668
969 668 982 668
983 668 996 668
0 669 11 669
0 670 12 670
983 670 996 670
997 667 999 670
0 671 12 671
13 671 25 671
26 671 39 671
40 671 53 671
951 671 964 671
965 671 978 671
979 671 992 671
993 671 999 672
0 673 5 674
6 673 11 674
12 673 17 674
18 673 24 674
25 673 30 674
31 673 37 674
38 673 43 674
930 673 943 673
944 673 957 673
958 673 971 673
972 673 985 673
986 673 999 673
0 675 5 676
958 675 971 675
972 675 985 675
986 675 992 676
993 675 999 676
0 677 5 678
6 677 12 678
13 677 25 677
26 677 37 677
986 678 999 678
0 679 11 679
12 679 25 679
26 679 39 679
980 679 986 680
987 679 993 680
0 681 13 681
14 681 26 681
910 681 923 681
924 681 937 681
938 681 951 681
952 681 965 681
952 682 965 682
966 681 972 682
973 681 979 682
980 681 986 682
987 681 993 682
994 679 996 682
997 679 999 682
0 684 12 684
13 684 24 684
986 683 992 684
993 683 999 684
0 685 6 686
7 685 12 686
937 686 950 686
951 686 964 686
965 686 978 686
979 686 992 686
993 685 999 686
0 687 1 693
2 687 3 693
4 687 5 693
6 687 7 693
8 687 11 689
12 687 25 687
26 687 38 687
39 687 50 687
986 687 999 687
12 688 18 689
19 688 24 689
25 688 30 689
31 688 36 689
37 688 48 688
49 688 60 688
902 688 915 688
916 688 929 688
930 688 943 688
944 688 957 688
958 688 971 688
972 688 985 688
986 688 992 689
993 688 999 689
8 690 13 691
14 690 19 691
20 690 25 691
983 690 996 690
8 692 14 693
955 692 968 692
969 692 982 692
15 693 26 693
983 692 989 693
990 692 996 693
997 690 999 693
0 694 2 697
3 694 8 695
9 694 14 695
15 694 21 695
22 694 27 695
28 695 40 695
41 695 52 695
53 695 66 695
67 695 80 695
3 696 16 696
17 696 30 696
965 696 978 696
979 696 985 697
986 696 992 697
993 696 999 697
0 698 2 701
3 698 5 701
6 698 8 701
9 698 21 698
22 698 33 698
9 699 22 699
23 699 35 699
972 698 978 699
979 698 985 699
986 698 992 699
993 698 999 699
9 700 15 701
16 700 21 701
986 700 999 700
22 701 35 701
36 701 49 701
0 702 6 703
7 702 13 703
14 702 20 703
21 702 27 703
916 702 929 702
930 702 943 702
944 702 957 702
958 702 971 702
972 702 985 702
986 702 999 702
965 705 978 705
979 705 992 705
993 704 999 705
948 706 961 706
962 706 975 706
976 706 982 707
983 706 989 707
990 706 996 707
0 708 13 708
14 708 27 708
28 708 40 708
41 708 52 708
53 708 64 708
983 708 996 708
997 706 999 709
916 710 929 710
930 710 943 710
944 710 957 710
958 710 971 710
972 710 985 710
986 710 999 710
0 711 13 711
14 711 25 711
846 711 859 711
860 711 873 711
874 711 887 711
888 711 901 711
902 711 915 711
916 711 929 711
930 711 943 711
944 711 957 711
958 711 971 711
972 711 985 711
986 711 999 711
0 712 11 712
916 712 929 712
930 712 943 712
944 712 957 712
958 712 971 712
972 712 985 712
986 712 999 712
0 713 12 713
13 713 24 713
25 713 38 713
39 713 50 713
986 713 999 713
0 714 5 715
6 714 12 715
13 714 25 714
972 714 985 714
986 714 992 715
993 714 999 715
0 716 5 717
6 716 18 716
19 716 30 716
31 716 43 716
44 716 56 716
57 716 70 716
944 716 957 716
958 716 971 716
972 716 985 716
986 716 992 717
993 716 999 717
0 718 6 719
7 718 19 718
986 718 999 718
986 719 999 719
0 720 6 721
7 720 13 721
14 720 20 721
21 720 26 721
27 720 32 721
33 720 45 720
46 720 59 720
965 720 978 720
33 721 46 721
47 721 58 721
59 721 71 721
951 721 964 721
965 721 978 721
979 720 985 721
986 720 992 721
993 720 999 721
0 722 6 723
7 722 12 723
13 722 18 723
19 722 25 723
26 722 31 723
32 723 44 723
45 723 58 723
59 723 70 723
944 723 957 723
958 723 971 723
972 723 985 723
986 722 992 723
993 722 999 723
0 724 6 725
7 724 13 725
14 724 19 725
20 724 25 725
26 724 37 724
38 724 49 724
50 724 62 724
979 724 992 724
979 725 992 725
993 724 999 725
958 726 971 726
972 726 985 726
0 727 12 727
13 727 25 727
26 727 39 727
944 727 957 727
958 727 971 727
972 727 985 727
986 726 992 727
993 726 999 727
0 728 5 729
6 728 12 729
13 728 26 728
979 728 992 728
13 729 24 729
993 728 999 729
0 730 2 733
3 730 9 731
10 730 21 730
22 730 34 730
986 730 999 730
972 731 985 731
986 731 999 731
3 732 9 733
10 732 15 733
16 732 22 733
23 732 29 733
30 732 41 732
909 733 922 733
923 733 936 733
937 733 950 733
951 732 957 733
958 732 964 733
965 732 971 733
972 732 978 733
979 732 985 733
986 732 992 733
993 732 999 733
0 734 2 737
3 734 8 735
9 734 15 735
986 734 999 734
972 735 985 735
986 735 999 735
3 736 9 737
10 736 21 736
22 736 34 736
35 736 48 736
993 736 999 737
0 738 6 739
7 738 20 738
21 738 32 738
930 739 943 739
944 739 957 739
958 739 971 739
972 739 985 739
986 739 999 739
0 740 5 741
6 740 18 740
958 740 971 740
972 740 978 741
979 740 985 741
986 740 992 741
993 740 999 741
0 742 6 743
7 742 18 742
19 742 32 742
955 742 968 742
969 742 982 742
983 742 996 742
983 743 996 743
0 744 11 744
12 744 24 744
927 744 940 744
941 744 954 744
955 744 968 744
969 744 975 745
976 744 982 745
983 744 989 745
990 744 996 745
997 742 999 745
0 746 6 747
7 746 12 747
983 746 996 746
969 747 982 747
983 747 996 747
0 748 6 749
7 748 12 749
13 748 19 749
20 748 25 749
26 748 37 748
26 749 38 749
39 749 50 749
51 749 63 749
64 749 76 749
885 749 898 749
899 749 912 749
913 749 926 749
927 749 940 749
941 749 954 749
955 749 968 749
969 749 982 749
983 748 989 749
990 748 996 749
997 746 999 749
0 750 1 756
2 750 3 756
4 750 16 750
17 750 28 750
29 750 41 750
4 751 10 752
11 751 23 751
24 751 36 751
947 751 960 751
961 751 974 751
975 751 988 751
11 752 22 752
23 752 34 752
989 751 995 752
933 753 946 753
905 754 918 754
919 754 932 754
933 754 946 754
947 753 953 754
954 753 960 754
961 753 967 754
968 753 974 754
975 753 981 754
982 753 988 754
989 753 995 754
4 755 9 756
10 755 16 756
17 755 29 755
30 755 42 755
43 755 54 755
55 755 68 755
17 756 28 756
29 756 42 756
43 756 56 756
57 756 69 756
996 750 997 756
998 750 999 756
0 757 6 758
7 758 20 758
948 758 961 758
962 758 975 758
976 758 989 758
990 757 996 758
0 759 13 759
14 759 26 759
27 759 38 759
39 759 51 759
52 759 63 759
983 759 996 759
0 760 13 760
14 760 26 760
997 757 999 760
0 761 2 764
3 761 14 761
15 761 28 761
29 761 42 761
43 761 55 761
951 763 964 763
965 763 978 763
979 763 992 763
3 764 16 764
17 764 29 764
993 763 999 764
0 765 6 766
7 765 13 766
14 765 20 766
21 765 27 766
28 765 33 766
34 765 40 766
41 765 47 766
48 765 53 766
54 765 59 766
60 766 73 766
74 766 86 766
87 766 99 766
0 767 6 768
972 767 985 767
986 767 999 767
7 768 18 768
0 769 2 772
3 769 9 770
10 769 15 770
16 769 21 770
22 769 28 770
3 771 8 772
9 771 14 772
15 771 21 772
22 771 28 772
986 771 999 771
29 772 42 772
0 773 2 776
3 773 5 776
6 773 8 776
9 774 20 774
21 774 34 774
35 774 48 774
49 774 62 774
951 774 964 774
965 774 978 774
979 774 992 774
993 773 999 774
958 775 971 775
9 776 20 776
958 776 971 776
972 775 978 776
979 775 985 776
986 775 992 776
993 775 999 776
0 777 2 780
3 777 9 778
10 777 16 778
17 777 22 778
23 777 36 777
888 777 901 777
902 777 915 777
916 777 929 777
930 777 943 777
944 777 957 777
958 777 971 777
972 777 985 777
958 778 971 778
972 778 985 778
986 777 992 778
993 777 999 778
3 780 14 780
15 780 28 780
902 780 915 780
916 780 929 780
930 780 943 780
944 780 957 780
958 780 971 780
972 780 985 780
986 780 999 780
0 781 1 787
2 781 13 781
980 781 993 781
2 782 8 783
9 782 15 783
16 782 27 782
16 783 29 783
952 783 965 783
966 783 979 783
980 783 993 783
2 784 4 787
5 784 7 787
8 784 10 787
11 784 17 785
18 784 29 784
30 784 42 784
43 784 55 784
946 784 959 784
960 784 973 784
974 784 987 784
18 785 29 785
30 785 42 785
43 785 56 785
57 785 68 785
69 785 81 785
974 785 987 785
911 786 924 786
925 786 938 786
939 786 952 786
953 786 959 787
960 786 966 787
967 786 973 787
974 786 980 787
981 786 987 787
988 784 990 787
991 784 993 787
994 781 995 787
996 781 997 787
998 781 999 787
0 788 5 789
993 788 999 789
0 790 6 791
7 790 13 791
930 792 943 792
944 792 957 792
958 792 971 792
972 792 985 792
986 792 999 792
0 794 6 795
7 794 12 795
13 794 18 795
19 794 24 795
25 794 30 795
31 794 37 795
38 794 43 795
44 795 57 795
993 794 999 795
965 796 978 796
979 796 992 796
993 796 999 797
0 798 6 799
7 798 12 799
13 798 19 799
20 798 25 799
944 798 957 798
958 798 971 798
972 798 985 798
986 798 999 798
0 800 5 801
6 800 19 800
962 800 975 800
976 800 989 800
6 801 19 801
934 801 947 801
948 801 961 801
962 801 975 801
976 801 989 801
990 800 996 801
0 802 5 803
920 802 933 802
934 802 947 802
948 802 961 802
962 802 975 802
976 802 989 802
6 803 18 803
19 803 31 803
32 803 43 803
990 802 996 803
997 800 999 803
0 804 2 807
3 804 9 805
10 805 22 805
3 806 9 807
958 806 971 806
972 806 985 806
986 806 999 806
10 807 21 807
944 807 957 807
958 807 971 807
972 807 985 807
986 807 999 807
0 808 2 811
3 808 16 808
17 808 29 808
30 808 42 808
43 808 54 808
3 809 16 809
17 809 28 809
29 809 40 809
3 810 9 811
993 810 999 811
0 812 1 818
2 812 3 818
4 812 5 818
6 812 7 818
984 812 997 812
8 813 21 813
970 813 983 813
8 814 19 814
956 814 969 814
970 814 983 814
984 813 990 814
991 813 997 814
8 815 10 818
11 816 24 816
25 816 38 816
39 816 52 816
998 812 999 818
0 819 12 819
13 819 24 819
958 820 971 820
972 820 985 820
986 820 999 820
0 821 6 822
7 821 18 821
19 821 30 821
944 821 957 821
958 821 971 821
972 821 985 821
972 822 985 822
986 821 992 822
993 821 999 822
951 823 964 823
965 823 978 823
979 823 992 823
965 824 978 824
979 824 992 824
993 823 999 824
986 825 999 825
986 826 999 826
0 827 13 827
14 827 27 827
0 828 13 828
14 828 25 828
26 828 38 828
916 828 929 828
930 828 943 828
944 828 957 828
958 828 971 828
972 828 985 828
986 828 999 828
0 830 13 830
14 830 26 830
27 830 38 830
39 830 51 830
52 830 64 830
0 831 5 832
6 831 12 832
13 831 18 832
19 831 25 832
26 831 32 832
902 831 915 831
916 831 929 831
930 831 943 831
944 831 957 831
958 831 971 831
972 831 985 831
33 832 45 832
46 832 58 832
59 832 70 832
71 832 83 832
84 832 97 832
986 831 992 832
993 831 999 832
0 833 6 834
7 833 18 833
19 833 30 833
31 833 43 833
44 833 55 833
56 833 67 833
916 833 929 833
930 833 943 833
944 833 957 833
958 833 971 833
972 833 985 833
986 833 999 833
0 835 11 835
12 835 23 835
24 835 35 835
0 836 13 836
976 836 989 836
990 835 996 836
0 837 6 838
7 837 12 838
13 837 24 837
976 837 982 838
983 837 989 838
990 837 996 838
997 835 999 838
0 839 11 839
993 839 999 840
944 841 957 841
958 841 971 841
972 841 985 841
986 841 999 841
0 842 11 842
12 842 24 842
25 842 37 842
38 842 51 842
52 842 64 842
65 842 76 842
0 844 12 844
938 844 951 844
952 844 965 844
966 844 979 844
980 843 986 844
987 843 993 844
0 845 5 846
6 845 18 845
966 845 979 845
980 845 993 845
980 846 993 846
994 843 996 846
997 843 999 846
0 847 13 847
965 847 978 847
937 848 950 848
951 848 964 848
965 848 978 848
979 847 985 848
986 847 992 848
993 847 999 848
0 849 12 849
13 849 26 849
986 849 999 849
958 850 971 850
972 850 985 850
986 850 999 850
0 851 11 851
12 851 24 851
25 851 37 851
38 851 51 851
52 851 65 851
0 852 11 852
12 852 25 852
26 852 38 852
39 852 51 852
983 852 996 852
0 853 5 854
997 851 999 854
0 855 6 856
951 855 964 855
965 855 978 855
7 856 18 856
19 856 30 856
979 855 985 856
986 855 992 856
993 855 999 856
0 857 5 858
6 857 11 858
909 857 922 857
923 857 936 857
937 857 950 857
895 858 908 858
909 858 922 858
923 858 936 858
937 858 950 858
951 857 957 858
958 857 964 858
965 857 971 858
972 857 978 858
979 857 985 858
986 857 992 858
993 857 999 858
986 859 992 860
993 859 999 860
0 861 5 862
6 862 17 862
0 863 6 864
986 863 999 863
0 865 11 865
12 865 24 865
986 865 999 865
986 866 999 866
0 867 6 868
7 867 13 868
965 868 978 868
979 868 992 868
993 867 999 868
881 870 894 870
895 870 908 870
909 870 922 870
923 870 936 870
937 870 950 870
951 870 964 870
965 870 978 870
979 870 992 870
993 869 999 870
930 871 943 871
944 871 957 871
958 871 971 871
0 872 11 872
12 872 25 872
26 872 38 872
958 872 971 872
972 871 978 872
979 871 985 872
986 871 992 872
993 871 999 872
0 873 6 874
7 873 12 874
13 873 19 874
20 873 25 874
26 873 31 874
32 873 44 873
944 873 957 873
958 873 971 873
972 873 985 873
986 873 999 873
0 875 11 875
0 876 6 877
984 876 997 876
970 877 983 877
984 877 997 877
0 878 11 878
12 878 24 878
25 878 38 878
39 878 51 878
52 878 64 878
984 879 997 879
0 880 13 880
0 881 13 881
14 881 27 881
28 881 39 881
40 881 52 881
53 881 66 881
998 875 999 881
986 882 999 882
972 883 985 883
986 883 999 883
0 884 6 885
7 884 12 885
13 884 19 885
20 884 26 885
27 884 32 885
33 884 38 885
39 884 45 885
46 884 57 884
944 885 957 885
958 885 971 885
972 885 985 885
986 884 992 885
993 884 999 885
0 886 6 887
7 887 20 887
21 887 33 887
34 887 46 887
944 887 957 887
958 887 971 887
972 886 978 887
979 886 985 887
986 886 992 887
993 886 999 887
0 888 13 888
0 889 11 889
12 889 23 889
965 889 978 889
979 889 992 889
993 888 999 889
0 890 2 893
3 891 15 891
16 891 28 891
29 891 40 891
41 891 53 891
980 890 986 891
987 890 993 891
3 892 9 893
952 892 965 892
966 892 979 892
952 893 965 893
966 893 979 893
980 892 986 893
987 892 993 893
994 890 996 893
997 890 999 893
0 894 6 895
7 894 13 895
14 894 27 894
969 894 982 894
14 895 26 895
983 894 989 895
990 894 996 895
0 896 6 897
7 896 19 896
983 896 996 896
983 897 996 897
997 894 999 897
0 898 5 899
6 898 11 899
12 898 25 898
26 898 37 898
12 899 24 899
25 899 38 899
39 899 50 899
979 899 992 899
993 898 999 899
0 900 6 901
7 900 13 901
14 900 20 901
21 900 27 901
28 900 41 900
986 901 999 901
0 902 6 903
986 903 999 903
0 904 5 905
6 904 19 904
909 905 922 905
923 905 936 905
937 905 950 905
951 905 964 905
965 905 978 905
979 904 985 905
986 904 992 905
993 904 999 905
0 906 1 912
2 906 3 912
4 906 5 912
6 906 19 906
6 907 17 907
972 907 985 907
986 907 999 907
6 908 19 908
20 908 31 908
32 908 45 908
46 908 57 908
6 909 12 910
13 909 18 910
19 909 31 909
986 910 999 910
6 911 11 912
12 911 17 912
18 911 23 912
0 913 6 914
7 913 13 914
14 913 20 914
21 913 26 914
27 913 38 913
944 913 957 913
958 913 971 913
972 913 985 913
986 913 999 913
0 915 5 916
6 915 11 916
12 916 24 916
972 916 985 916
986 915 992 916
993 915 999 916
976 917 989 917
990 917 996 918
0 919 6 920
7 919 13 920
14 919 25 919
955 919 968 919
969 919 982 919
983 919 996 919
997 917 999 920
0 921 2 924
3 921 8 922
9 921 20 921
21 921 32 921
33 921 45 921
46 921 57 921
58 921 71 921
9 922 22 922
986 921 992 922
993 921 999 922
3 923 8 924
9 924 22 924
0 925 2 928
3 926 15 926
958 926 971 926
972 926 985 926
986 926 999 926
3 927 9 928
10 927 16 928
17 927 23 928
24 927 36 927
37 927 49 927
24 928 36 928
37 928 50 928
51 928 64 928
958 928 971 928
972 928 985 928
986 928 999 928
0 929 2 932
3 929 9 930
10 929 22 929
23 929 34 929
3 931 8 932
895 931 908 931
909 931 922 931
923 931 936 931
937 931 950 931
951 931 964 931
965 931 978 931
909 932 922 932
923 932 936 932
937 932 950 932
951 932 964 932
965 932 978 932
979 931 985 932
986 931 992 932
993 931 999 932
0 933 6 934
7 933 20 933
21 933 34 933
35 933 46 933
47 933 59 933
60 933 72 933
73 933 85 933
983 934 996 934
983 935 996 935
997 933 999 936
0 937 3 939
938 937 951 937
952 937 965 937
966 937 979 937
980 937 993 937
4 938 9 939
910 938 923 938
924 938 937 938
938 938 951 938
952 938 965 938
966 938 979 938
980 938 993 938
924 939 937 939
938 939 951 939
952 939 965 939
966 939 979 939
980 939 993 939
0 940 6 941
966 940 979 940
980 940 993 940
966 941 979 941
980 941 993 941
0 942 6 943
7 942 13 943
14 942 20 943
21 942 27 943
28 942 41 942
959 942 972 942
28 943 39 943
959 943 972 943
973 942 979 943
980 942 986 943
987 942 993 943
994 937 995 943
996 937 997 943
998 937 999 943
0 944 13 944
972 944 985 944
986 944 999 944
986 945 999 945
0 947 12 947
881 947 894 947
895 947 908 947
909 947 922 947
923 947 936 947
937 947 950 947
951 947 964 947
965 947 978 947
979 947 992 947
993 946 999 947
972 948 985 948
986 948 999 948
972 949 985 949
986 949 999 949
0 950 6 951
7 950 13 951
14 950 25 950
14 951 27 951
28 951 40 951
0 953 13 953
14 953 27 953
976 953 989 953
990 952 996 953
0 954 6 955
7 954 18 954
941 955 954 955
955 955 968 955
969 955 982 955
983 954 989 955
990 954 996 955
997 952 999 955
0 956 6 957
7 956 13 957
14 957 25 957
951 957 964 957
965 957 978 957
979 957 992 957
993 956 999 957
0 958 6 959
7 958 12 959
944 959 957 959
958 958 964 959
965 958 971 959
972 958 978 959
979 958 985 959
986 958 992 959
993 958 999 959
0 961 11 961
944 961 957 961
958 961 971 961
972 960 978 961
979 960 985 961
986 960 992 961
993 960 999 961
0 962 11 962
12 962 24 962
25 962 38 962
0 963 12 963
13 963 24 963
25 963 38 963
39 963 51 963
972 963 985 963
986 963 999 963
972 964 985 964
986 964 999 964
986 965 999 965
0 966 5 967
923 966 936 966
937 966 950 966
951 966 964 966
965 966 978 966
979 966 992 966
923 967 936 967
937 967 950 967
951 967 964 967
965 967 978 967
979 967 992 967
993 966 999 967
0 968 2 971
3 968 8 969
9 968 14 969
15 968 21 969
22 968 28 969
29 968 35 969
36 968 42 969
43 968 55 968
56 968 68 968
69 968 80 968
81 968 94 968
43 969 55 969
56 969 67 969
68 969 80 969
990 968 996 969
3 970 8 971
9 970 20 970
21 970 33 970
934 971 947 971
948 971 961 971
962 971 975 971
976 971 989 971
990 970 996 971
997 968 999 971
993 972 999 973
0 976 13 976
14 976 27 976
28 976 41 976
42 976 55 976
874 976 887 976
888 976 901 976
902 976 915 976
916 976 929 976
916 977 929 977
930 976 936 977
937 976 943 977
944 976 950 977
951 976 957 977
958 976 964 977
965 976 971 977
972 976 978 977
979 976 985 977
986 976 992 977
993 976 999 977
0 979 12 979
13 979 24 979
25 979 36 979
37 979 48 979
49 979 62 979
63 979 74 979
0 980 2 983
3 980 16 980
17 980 29 980
30 980 41 980
42 980 53 980
54 980 67 980
958 980 971 980
972 980 985 980
986 980 999 980
3 981 15 981
16 981 28 981
29 981 40 981
916 981 929 981
930 981 943 981
944 981 957 981
958 981 971 981
972 981 985 981
986 981 999 981
3 982 9 983
909 982 922 982
923 982 936 982
937 982 950 982
951 982 957 983
958 982 964 983
965 982 971 983
972 982 978 983
979 982 985 983
986 982 992 983
993 982 999 983
0 984 11 984
986 984 999 984
916 985 929 985
930 985 943 985
944 985 957 985
958 985 971 985
972 985 985 985
986 985 999 985
0 986 11 986
958 986 971 986
972 986 985 986
986 986 999 986
986 987 999 987
0 988 6 989
7 988 12 989
13 988 25 988
986 988 999 988
13 989 25 989
0 990 5 991
6 990 17 990
18 990 29 990
30 990 42 990
43 990 55 990
0 992 2 995
976 992 989 992
3 993 15 993
976 993 989 993
990 992 996 993
3 994 9 995
10 994 21 994
10 995 23 995
24 995 36 995
997 992 999 995
0 996 5 997
6 997 18 997
19 997 32 997
0 998 6 999
7 998 13 999
14 998 19 999
20 998 26 999
27 998 32 999
33 998 38 999
39 998 45 999
46 998 52 999
913 999 926 999
927 999 940 999
941 999 954 999
955 999 968 999
969 998 975 999
976 998 982 999
983 998 989 999
990 998 996 999
997 996 999 999
